# column   1     --> time{picosecond} : The elapsed simulation time.
# column   2     --> temperature{kelvin} : The current temperature, as obtained from the MD kinetic energy.
# column   3     --> kinetic_md : The kinetic energy of the (extended) classical system.
# column   4     --> potential : The physical system potential energy.
# column   5     --> conserved : The value of the conserved energy quantity per bead.
    0.00000000e+00     2.52962971e+02     2.17982458e-03     1.54786476e-02     1.91495776e-02   
    5.00000000e-04     4.07487474e+02     4.38190203e-03     1.41727580e-02     1.91384030e-02   
    1.00000000e-03     5.66339666e+02     6.64565194e-03     1.11778380e-02     1.90959732e-02   
    1.50000000e-03     8.75036688e+02     1.10447908e-02     6.91575417e-03     1.90054713e-02   
    2.00000000e-03     1.07637199e+03     1.39139534e-02     2.89044708e-03     1.88644139e-02   
    2.50000000e-03     1.21865670e+03     1.59416057e-02     1.30302742e-03     1.87410196e-02   
    3.00000000e-03     1.05810253e+03     1.36536015e-02     3.58528318e-03     1.87273693e-02   
    3.50000000e-03     6.25090086e+02     7.48288470e-03     9.37840650e-03     1.89700972e-02   
    4.00000000e-03     3.24073366e+02     3.19319524e-03     1.47082573e-02     1.93066702e-02   
    4.50000000e-03     4.72636667e+02     5.31032158e-03     1.36455732e-02     1.92315680e-02   
    5.00000000e-03     9.73406216e+02     1.24466224e-02     7.02602809e-03     1.88547851e-02   
    5.50000000e-03     1.21449951e+03     1.58823629e-02     2.18416986e-03     1.87200633e-02   
    6.00000000e-03     1.31643390e+03     1.73349962e-02     1.46142353e-03     1.87808649e-02   
    6.50000000e-03     9.98510088e+02     1.28043693e-02     3.75136092e-03     1.89002214e-02   
    7.00000000e-03     5.70582534e+02     6.70611565e-03     6.45189387e-03     1.89608449e-02   
    7.50000000e-03     4.44724930e+02     4.91256067e-03     8.80467342e-03     1.89985473e-02   
    8.00000000e-03     3.92867754e+02     4.17356124e-03     9.71682657e-03     1.90071551e-02   
    8.50000000e-03     4.10383882e+02     4.42317777e-03     9.31347962e-03     1.89946578e-02   
    9.00000000e-03     4.88467691e+02     5.53592424e-03     7.83926802e-03     1.89613748e-02   
    9.50000000e-03     5.23150385e+02     6.03017582e-03     6.16004797e-03     1.89179598e-02   
    1.00000000e-02     6.87846657e+02     8.37720778e-03     4.15589892e-03     1.88554751e-02   
    1.05000000e-02     7.27632093e+02     8.94417683e-03     3.03573676e-03     1.88024390e-02   
    1.10000000e-02     6.06755865e+02     7.22160979e-03     3.67467903e-03     1.88004406e-02   
    1.15000000e-02     3.77195613e+02     3.95022276e-03     5.19862475e-03     1.88655418e-02   
    1.20000000e-02     3.21651895e+02     3.15868765e-03     6.26193845e-03     1.89326600e-02   
    1.25000000e-02     1.99165588e+02     1.41317591e-03     6.23621621e-03     1.89401796e-02   
    1.30000000e-02     3.15961150e+02     3.07759073e-03     4.82767897e-03     1.88724796e-02   
    1.35000000e-02     5.22791007e+02     6.02505445e-03     2.88436200e-03     1.87972901e-02   
    1.40000000e-02     5.40872940e+02     6.28273407e-03     1.55685194e-03     1.87778819e-02   
    1.45000000e-02     4.66508151e+02     5.22298613e-03     1.60441376e-03     1.88024571e-02   
    1.50000000e-02     4.55723593e+02     5.06929897e-03     2.28146596e-03     1.88363403e-02   
    1.55000000e-02     3.20273383e+02     3.13904295e-03     3.22120094e-03     1.88651336e-02   
    1.60000000e-02     2.56923934e+02     2.23627094e-03     3.83831904e-03     1.88769207e-02   
    1.65000000e-02     2.76646147e+02     2.51732566e-03     3.63177138e-03     1.88720788e-02   
    1.70000000e-02     2.83006211e+02     2.60796083e-03     2.72494538e-03     1.88519002e-02   
    1.75000000e-02     2.77111536e+02     2.52395777e-03     1.45691992e-03     1.88189414e-02   
    1.80000000e-02     3.75282969e+02     3.92296631e-03     4.63941910e-04     1.87874590e-02   
    1.85000000e-02     3.58662813e+02     3.68611797e-03     9.34312543e-06     1.87673657e-02   
    1.90000000e-02     3.26170148e+02     3.22307579e-03     2.63499259e-04     1.87696550e-02   
    1.95000000e-02     2.78575225e+02     2.54481632e-03     1.06691856e-03     1.87970570e-02   
    2.00000000e-02     2.86420102e+02     2.65661106e-03     1.54782368e-03     1.88164283e-02   
    2.05000000e-02     3.23827903e+02     3.18969722e-03     1.62935024e-03     1.88162323e-02   
    2.10000000e-02     3.08151590e+02     2.96629929e-03     1.93067573e-03     1.88233480e-02   
    2.15000000e-02     3.89467796e+02     4.12510958e-03     1.60065481e-03     1.88008521e-02   
    2.20000000e-02     4.34446298e+02     4.76608329e-03     1.39486442e-03     1.87814860e-02   
    2.25000000e-02     4.11696384e+02     4.44188181e-03     1.30916797e-03     1.87687830e-02   
    2.30000000e-02     2.74603990e+02     2.48822357e-03     1.41102587e-03     1.87682480e-02   
    2.35000000e-02     2.41645204e+02     2.01853883e-03     1.57616791e-03     1.87735599e-02   
    2.40000000e-02     2.54341148e+02     2.19946452e-03     1.81537601e-03     1.87808069e-02   
    2.45000000e-02     2.26128208e+02     1.79741127e-03     2.15687801e-03     1.87923278e-02   
    2.50000000e-02     2.48068927e+02     2.11008118e-03     2.48365180e-03     1.88046518e-02   
    2.55000000e-02     3.32329750e+02     3.31085423e-03     2.52214536e-03     1.88124266e-02   
    2.60000000e-02     3.71568425e+02     3.87003158e-03     2.41447807e-03     1.88144349e-02   
    2.65000000e-02     3.71779605e+02     3.87304102e-03     2.01069905e-03     1.88083865e-02   
    2.70000000e-02     3.83328869e+02     4.03762576e-03     1.26952094e-03     1.87914675e-02   
    2.75000000e-02     2.97640145e+02     2.81650416e-03     7.38684048e-04     1.87786024e-02   
    2.80000000e-02     3.35899513e+02     3.36172573e-03     3.38256073e-04     1.87673023e-02   
    2.85000000e-02     3.90323255e+02     4.13730043e-03     1.46646477e-04     1.87578320e-02   
    2.90000000e-02     4.37020646e+02     4.80276947e-03     3.94053036e-04     1.87591259e-02   
    2.95000000e-02     2.67967362e+02     2.39364718e-03     1.09733059e-03     1.87765001e-02   
    3.00000000e-02     2.49691130e+02     2.13319865e-03     1.49489732e-03     1.87840308e-02   
    3.05000000e-02     3.18235408e+02     3.11000044e-03     1.81545738e-03     1.87903121e-02   
    3.10000000e-02     2.70926240e+02     2.43581317e-03     2.11517152e-03     1.87961824e-02   
    3.15000000e-02     3.39858969e+02     3.41815063e-03     2.11437545e-03     1.87914088e-02   
    3.20000000e-02     4.10703848e+02     4.42773751e-03     2.03325015e-03     1.87873336e-02   
    3.25000000e-02     3.19258464e+02     3.12457966e-03     1.95169809e-03     1.87833964e-02   
    3.30000000e-02     3.64416197e+02     3.76810754e-03     1.68883551e-03     1.87809851e-02   
    3.35000000e-02     2.66880746e+02     2.37816218e-03     1.47302074e-03     1.87809495e-02   
    3.40000000e-02     3.53972466e+02     3.61927740e-03     1.22661237e-03     1.87783044e-02   
    3.45000000e-02     4.11277070e+02     4.43590631e-03     1.04540452e-03     1.87767725e-02   
    3.50000000e-02     4.49027143e+02     4.97387008e-03     1.03459378e-03     1.87802935e-02   
    3.55000000e-02     4.15705518e+02     4.49901465e-03     1.15449254e-03     1.87869418e-02   
    3.60000000e-02     4.08296665e+02     4.39343354e-03     1.28148072e-03     1.87934727e-02   
    3.65000000e-02     3.52394752e+02     3.59679391e-03     1.24563501e-03     1.87936124e-02   
    3.70000000e-02     4.32226881e+02     4.73445511e-03     1.15566326e-03     1.87892520e-02   
    3.75000000e-02     3.99388026e+02     4.26647948e-03     1.14428580e-03     1.87840826e-02   
    3.80000000e-02     4.26865895e+02     4.65805748e-03     1.26534712e-03     1.87808215e-02   
    3.85000000e-02     4.30096994e+02     4.70410281e-03     1.50340584e-03     1.87785201e-02   
    3.90000000e-02     5.68730042e+02     6.67971640e-03     1.83960842e-03     1.87736470e-02   
    3.95000000e-02     4.46987144e+02     4.94479873e-03     2.40118973e-03     1.87748661e-02   
    4.00000000e-02     3.96907057e+02     4.23112402e-03     3.30937877e-03     1.87921061e-02   
    4.05000000e-02     3.56401797e+02     3.65389699e-03     4.51130128e-03     1.88271406e-02   
    4.10000000e-02     2.51783883e+02     2.16302179e-03     5.45495220e-03     1.88588313e-02   
    4.15000000e-02     3.09207045e+02     2.98134023e-03     5.68776028e-03     1.88701642e-02   
    4.20000000e-02     2.74956960e+02     2.49325362e-03     5.13973852e-03     1.88498850e-02   
    4.25000000e-02     3.82318850e+02     4.02323231e-03     4.40301347e-03     1.88232439e-02   
    4.30000000e-02     3.13658861e+02     3.04478158e-03     3.54224396e-03     1.87964814e-02   
    4.35000000e-02     4.60518980e+02     5.13763644e-03     2.58976463e-03     1.87730642e-02   
    4.40000000e-02     5.44283174e+02     6.33133219e-03     1.84901079e-03     1.87605342e-02   
    4.45000000e-02     4.71434078e+02     5.29318388e-03     1.53008742e-03     1.87631151e-02   
    4.50000000e-02     4.81631981e+02     5.43851081e-03     1.44639715e-03     1.87708613e-02   
    4.55000000e-02     4.60659410e+02     5.13963765e-03     1.64125587e-03     1.87829654e-02   
    4.60000000e-02     3.61608215e+02     3.72809192e-03     1.89892324e-03     1.87938136e-02   
    4.65000000e-02     3.28049901e+02     3.24986352e-03     1.97515990e-03     1.87975610e-02   
    4.70000000e-02     4.10393320e+02     4.42331228e-03     1.42459692e-03     1.87855191e-02   
    4.75000000e-02     3.90998210e+02     4.14691899e-03     6.89082320e-04     1.87650845e-02   
    4.80000000e-02     3.26002971e+02     3.22069339e-03     3.59456212e-04     1.87546903e-02   
    4.85000000e-02     3.45700596e+02     3.50139773e-03     2.42048803e-04     1.87498402e-02   
    4.90000000e-02     3.96363678e+02     4.22338051e-03     2.39231841e-04     1.87484196e-02   
    4.95000000e-02     3.10344412e+02     2.99754846e-03     5.48404879e-04     1.87573628e-02   
    5.00000000e-02     3.16897099e+02     3.09092864e-03     1.10553705e-03     1.87738801e-02   
    5.05000000e-02     2.19114890e+02     1.69746680e-03     1.63431203e-03     1.87892464e-02   
    5.10000000e-02     1.85936732e+02     1.22465587e-03     1.70333787e-03     1.87876370e-02   
    5.15000000e-02     2.99150333e+02     2.83802535e-03     1.09561318e-03     1.87629125e-02   
    5.20000000e-02     3.78140318e+02     3.96368544e-03     8.14296398e-04     1.87542201e-02   
    5.25000000e-02     3.41184001e+02     3.43703322e-03     1.16712583e-03     1.87707772e-02   
    5.30000000e-02     2.03245633e+02     1.47131928e-03     1.82638062e-03     1.87924171e-02   
    5.35000000e-02     2.17303481e+02     1.67165301e-03     2.45107328e-03     1.88075419e-02   
    5.40000000e-02     1.81854044e+02     1.16647484e-03     3.02786676e-03     1.88210819e-02   
    5.45000000e-02     1.46202854e+02     6.58421553e-04     3.00761740e-03     1.88195449e-02   
    5.50000000e-02     2.05100615e+02     1.49775401e-03     2.81969901e-03     1.88116494e-02   
    5.55000000e-02     2.58269290e+02     2.25544318e-03     2.37261902e-03     1.87922906e-02   
    5.60000000e-02     2.99177922e+02     2.83841852e-03     1.93957266e-03     1.87718506e-02   
    5.65000000e-02     2.50365456e+02     2.14280825e-03     1.75135887e-03     1.87613994e-02   
    5.70000000e-02     2.03353091e+02     1.47285063e-03     1.84047661e-03     1.87659388e-02   
    5.75000000e-02     2.23310591e+02     1.75725835e-03     1.99759245e-03     1.87739628e-02   
    5.80000000e-02     2.91546649e+02     2.72966778e-03     1.85100694e-03     1.87754205e-02   
    5.85000000e-02     2.67469967e+02     2.38655896e-03     1.70881609e-03     1.87747164e-02   
    5.90000000e-02     2.67053556e+02     2.38062484e-03     1.36033378e-03     1.87667293e-02   
    5.95000000e-02     2.66857611e+02     2.37783249e-03     1.00615774e-03     1.87617788e-02   
    6.00000000e-02     2.20388402e+02     1.71561519e-03     8.92577700e-04     1.87657732e-02   
    6.05000000e-02     1.81515507e+02     1.16165046e-03     9.01429622e-04     1.87699152e-02   
    6.10000000e-02     2.10501300e+02     1.57471738e-03     7.90836902e-04     1.87696266e-02   
    6.15000000e-02     1.97873382e+02     1.39476111e-03     5.47038495e-04     1.87652397e-02   
    6.20000000e-02     2.16745309e+02     1.66369869e-03     2.68079574e-04     1.87585664e-02   
    6.25000000e-02     2.65103015e+02     2.35282832e-03     4.84691199e-05     1.87522506e-02   
    6.30000000e-02     3.80674251e+02     3.99979568e-03     6.40641480e-05     1.87517663e-02   
    6.35000000e-02     3.43026853e+02     3.46329510e-03     3.41084613e-04     1.87582773e-02   
    6.40000000e-02     3.56634702e+02     3.65721604e-03     7.64154492e-04     1.87693161e-02   
    6.45000000e-02     3.19322135e+02     3.12548702e-03     1.09191791e-03     1.87732573e-02   
    6.50000000e-02     3.47308777e+02     3.52431538e-03     1.45831295e-03     1.87743012e-02   
    6.55000000e-02     2.75873818e+02     2.50631946e-03     1.73571820e-03     1.87718881e-02   
    6.60000000e-02     2.33351997e+02     1.90035508e-03     2.00334623e-03     1.87708088e-02   
    6.65000000e-02     2.40131363e+02     1.99696559e-03     2.28184176e-03     1.87699328e-02   
    6.70000000e-02     1.59160973e+02     8.43083410e-04     2.51070724e-03     1.87686825e-02   
    6.75000000e-02     1.61026216e+02     8.69664368e-04     2.60086459e-03     1.87686590e-02   
    6.80000000e-02     2.10877017e+02     1.58007161e-03     2.46572653e-03     1.87677903e-02   
    6.85000000e-02     2.26180367e+02     1.79815456e-03     2.21065640e-03     1.87657714e-02   
    6.90000000e-02     1.92464557e+02     1.31768174e-03     1.93762928e-03     1.87635071e-02   
    6.95000000e-02     2.18195588e+02     1.68436613e-03     1.76149493e-03     1.87651996e-02   
    7.00000000e-02     2.01670352e+02     1.44887047e-03     1.76945295e-03     1.87712152e-02   
    7.05000000e-02     2.45657431e+02     2.07571575e-03     2.28831912e-03     1.87939571e-02   
    7.10000000e-02     1.92527578e+02     1.31857983e-03     2.74382126e-03     1.88121975e-02   
    7.15000000e-02     1.75636874e+02     1.07787601e-03     3.17118958e-03     1.88301122e-02   
    7.20000000e-02     1.83760031e+02     1.19363643e-03     3.62251627e-03     1.88512364e-02   
    7.25000000e-02     1.65036412e+02     9.26812346e-04     3.81009628e-03     1.88611611e-02   
    7.30000000e-02     1.62076087e+02     8.84625732e-04     3.29222377e-03     1.88515138e-02   
    7.35000000e-02     2.08413621e+02     1.54496656e-03     2.44645043e-03     1.88298285e-02   
    7.40000000e-02     2.23159477e+02     1.75510486e-03     1.63323884e-03     1.88063025e-02   
    7.45000000e-02     3.21859174e+02     3.16164152e-03     8.22906000e-04     1.87765843e-02   
    7.50000000e-02     3.55684650e+02     3.64367716e-03     3.75232829e-04     1.87546025e-02   
    7.55000000e-02     4.54634159e+02     5.05377380e-03     4.74272479e-04     1.87524483e-02   
    7.60000000e-02     3.95590048e+02     4.21235575e-03     1.47662374e-03     1.87855396e-02   
    7.65000000e-02     3.13960521e+02     3.04908044e-03     2.99543219e-03     1.88462260e-02   
    7.70000000e-02     2.54194503e+02     2.19737473e-03     3.32385179e-03     1.88526740e-02   
    7.75000000e-02     2.91465784e+02     2.72851539e-03     2.53658508e-03     1.88075517e-02   
    7.80000000e-02     3.77226530e+02     3.95066335e-03     2.02306419e-03     1.87799689e-02   
    7.85000000e-02     4.68119081e+02     5.24594295e-03     2.19432459e-03     1.87857418e-02   
    7.90000000e-02     3.61211067e+02     3.72243230e-03     2.87535769e-03     1.88157126e-02   
    7.95000000e-02     3.62050948e+02     3.73440116e-03     3.94716544e-03     1.88483649e-02   
    8.00000000e-02     2.58685691e+02     2.26137716e-03     4.69383399e-03     1.88663645e-02   
    8.05000000e-02     1.78610844e+02     1.12025707e-03     4.82670212e-03     1.88668196e-02   
    8.10000000e-02     2.38437934e+02     1.97283309e-03     4.62017160e-03     1.88615659e-02   
    8.15000000e-02     2.42684040e+02     2.03334294e-03     3.87430653e-03     1.88455425e-02   
    8.20000000e-02     3.19458115e+02     3.12742482e-03     2.76630740e-03     1.88205329e-02   
    8.25000000e-02     4.59984838e+02     5.13002456e-03     1.58052740e-03     1.87838195e-02   
    8.30000000e-02     3.86054362e+02     4.07646586e-03     1.22473830e-03     1.87657775e-02   
    8.35000000e-02     3.50486077e+02     3.56959402e-03     1.58344667e-03     1.87792076e-02   
    8.40000000e-02     2.95638090e+02     2.78797355e-03     2.27809814e-03     1.88126644e-02   
    8.45000000e-02     2.21849966e+02     1.73644346e-03     2.57658077e-03     1.88318611e-02   
    8.50000000e-02     2.29306732e+02     1.84270737e-03     2.70728705e-03     1.88417379e-02   
    8.55000000e-02     2.91312965e+02     2.72633762e-03     2.37693493e-03     1.88283247e-02   
    8.60000000e-02     2.68662404e+02     2.40355199e-03     1.58051045e-03     1.87917850e-02   
    8.65000000e-02     3.25815927e+02     3.21802789e-03     7.56767610e-04     1.87589606e-02   
    8.70000000e-02     3.93711560e+02     4.18558605e-03     3.27278534e-04     1.87457804e-02   
    8.75000000e-02     3.83641016e+02     4.04207406e-03     6.31639158e-04     1.87584512e-02   
    8.80000000e-02     3.72960595e+02     3.88987093e-03     1.69612287e-03     1.87903267e-02   
    8.85000000e-02     3.12024696e+02     3.02149363e-03     2.96880429e-03     1.88199190e-02   
    8.90000000e-02     2.26460202e+02     1.80214240e-03     4.07165008e-03     1.88399498e-02   
    8.95000000e-02     1.64682572e+02     9.21769880e-04     4.45037326e-03     1.88455750e-02   
    9.00000000e-02     2.04226591e+02     1.48529859e-03     4.69009955e-03     1.88473426e-02   
    9.05000000e-02     3.04794951e+02     2.91846494e-03     3.75860741e-03     1.88244473e-02   
    9.10000000e-02     3.26554288e+02     3.22855003e-03     2.79304119e-03     1.87992328e-02   
    9.15000000e-02     3.32799695e+02     3.31755126e-03     2.13791698e-03     1.87780449e-02   
    9.20000000e-02     4.12930931e+02     4.45947493e-03     1.69895588e-03     1.87635918e-02   
    9.25000000e-02     4.36410177e+02     4.79406987e-03     1.93564601e-03     1.87624783e-02   
    9.30000000e-02     3.86763277e+02     4.08656837e-03     2.82819727e-03     1.87966796e-02   
    9.35000000e-02     2.85817905e+02     2.64802935e-03     4.08887555e-03     1.88573498e-02   
    9.40000000e-02     2.41968823e+02     2.02315062e-03     4.65541497e-03     1.88928265e-02   
    9.45000000e-02     3.42664301e+02     3.45812849e-03     3.59837174e-03     1.88499555e-02   
    9.50000000e-02     4.46957738e+02     4.94437967e-03     2.39990571e-03     1.88034759e-02   
    9.55000000e-02     5.14980711e+02     5.91375250e-03     1.50533436e-03     1.87785967e-02   
    9.60000000e-02     5.46435338e+02     6.36200197e-03     1.46210565e-03     1.87924923e-02   
    9.65000000e-02     3.97258216e+02     4.23612827e-03     2.16932855e-03     1.88216012e-02   
    9.70000000e-02     3.58914459e+02     3.68970410e-03     2.49433155e-03     1.88324641e-02   
    9.75000000e-02     3.78475526e+02     3.96846238e-03     2.59900223e-03     1.88346051e-02   
    9.80000000e-02     4.62239497e+02     5.16215495e-03     2.49975181e-03     1.88284557e-02   
    9.85000000e-02     3.15041337e+02     3.06448278e-03     2.52904224e-03     1.88272170e-02   
    9.90000000e-02     3.53335267e+02     3.61019689e-03     2.52628013e-03     1.88276827e-02   
    9.95000000e-02     3.73458755e+02     3.89697004e-03     2.24249938e-03     1.88200371e-02   
    1.00000000e-01     3.64585992e+02     3.77052723e-03     2.35796631e-03     1.88227097e-02   
    1.00500000e-01     4.08359537e+02     4.39432950e-03     2.35347656e-03     1.88100278e-02   
    1.01000000e-01     2.78097974e+02     2.53801517e-03     2.46647127e-03     1.87966430e-02   
    1.01500000e-01     1.78412735e+02     1.11743388e-03     2.55472500e-03     1.87930133e-02   
    1.02000000e-01     2.33452905e+02     1.90179310e-03     2.48485920e-03     1.87930992e-02   
    1.02500000e-01     1.82131162e+02     1.17042396e-03     2.22219491e-03     1.87820221e-02   
    1.03000000e-01     1.56140154e+02     8.00034724e-04     2.09497537e-03     1.87781609e-02   
    1.03500000e-01     2.18760682e+02     1.69241910e-03     1.81431301e-03     1.87705876e-02   
    1.04000000e-01     2.81849635e+02     2.59147884e-03     1.25599830e-03     1.87597277e-02   
    1.04500000e-01     3.02703767e+02     2.88866416e-03     1.00409776e-03     1.87575866e-02   
    1.05000000e-01     2.71407382e+02     2.44266976e-03     9.34487611e-04     1.87624103e-02   
    1.05500000e-01     1.86208303e+02     1.22852594e-03     9.58051973e-04     1.87683695e-02   
    1.06000000e-01     1.57700807e+02     8.22275072e-04     1.03217524e-03     1.87732804e-02   
    1.06500000e-01     2.08778600e+02     1.55016776e-03     8.01235928e-04     1.87694658e-02   
    1.07000000e-01     1.69482844e+02     9.90176964e-04     5.14369968e-04     1.87625292e-02   
    1.07500000e-01     1.38100130e+02     5.42952325e-04     3.06571777e-04     1.87575363e-02   
    1.08000000e-01     1.25539936e+02     3.63961166e-04     2.04653351e-04     1.87551718e-02   
    1.08500000e-01     1.38885734e+02     5.54147700e-04     1.40291747e-04     1.87532402e-02   
    1.09000000e-01     1.53954456e+02     7.68887066e-04     7.21463248e-05     1.87513205e-02   
    1.09500000e-01     1.27779286e+02     3.95873398e-04     6.38715232e-05     1.87514438e-02   
    1.10000000e-01     1.22408688e+02     3.19338786e-04     1.12846859e-04     1.87532195e-02   
    1.10500000e-01     1.19348384e+02     2.75727403e-04     1.23631115e-04     1.87538140e-02   
    1.11000000e-01     1.38206409e+02     5.44466861e-04     6.40530853e-05     1.87520094e-02   
    1.11500000e-01     1.32083258e+02     4.57207867e-04     1.32101621e-05     1.87503883e-02   
    1.12000000e-01     1.43187561e+02     6.15451613e-04     1.69045709e-05     1.87501762e-02   
    1.12500000e-01     1.54875514e+02     7.82012755e-04     1.11388812e-04     1.87526916e-02   
    1.13000000e-01     1.39768434e+02     5.66726764e-04     2.46554577e-04     1.87556749e-02   
    1.13500000e-01     1.25797710e+02     3.67634608e-04     2.42387431e-04     1.87543691e-02   
    1.14000000e-01     1.53898363e+02     7.68087697e-04     3.12630242e-04     1.87562303e-02   
    1.14500000e-01     1.60940599e+02     8.68444274e-04     4.70868921e-04     1.87604102e-02   
    1.15000000e-01     1.52715303e+02     7.51228309e-04     5.57269672e-04     1.87633275e-02   
    1.15500000e-01     1.77164533e+02     1.09964617e-03     6.11128121e-04     1.87659405e-02   
    1.16000000e-01     1.23595688e+02     3.36254320e-04     6.87444336e-04     1.87692288e-02   
    1.16500000e-01     1.93246781e+02     1.32882896e-03     5.76874260e-04     1.87648423e-02   
    1.17000000e-01     2.01724344e+02     1.44963990e-03     2.90757206e-04     1.87554393e-02   
    1.17500000e-01     2.46721703e+02     2.09088233e-03     2.66257671e-04     1.87551937e-02   
    1.18000000e-01     2.07424315e+02     1.53086829e-03     5.03257289e-04     1.87647486e-02   
    1.18500000e-01     1.66873367e+02     9.52990174e-04     6.81751256e-04     1.87723956e-02   
    1.19000000e-01     1.76582892e+02     1.09135739e-03     9.07852877e-04     1.87812142e-02   
    1.19500000e-01     2.52182808e+02     2.16870673e-03     1.14212014e-03     1.87878724e-02   
    1.20000000e-01     2.49447371e+02     2.12972493e-03     1.34494991e-03     1.87914574e-02   
    1.20500000e-01     2.65126174e+02     2.35315835e-03     1.52593625e-03     1.87931168e-02   
    1.21000000e-01     2.21055954e+02     1.72512826e-03     1.90903437e-03     1.88014442e-02   
    1.21500000e-01     2.01998286e+02     1.45354375e-03     1.96326711e-03     1.88021362e-02   
    1.22000000e-01     2.65873754e+02     2.36381187e-03     1.30110766e-03     1.87848574e-02   
    1.22500000e-01     2.30312822e+02     1.85704481e-03     6.11287718e-04     1.87646151e-02   
    1.23000000e-01     2.81433327e+02     2.58554617e-03     1.26330624e-04     1.87474780e-02   
    1.23500000e-01     2.57706475e+02     2.24742268e-03     7.35937027e-05     1.87434846e-02   
    1.24000000e-01     2.38524812e+02     1.97407116e-03     3.75235339e-04     1.87507565e-02   
    1.24500000e-01     1.93616257e+02     1.33409423e-03     6.36161491e-04     1.87574563e-02   
    1.25000000e-01     2.75324463e+02     2.49849079e-03     8.89895898e-04     1.87616910e-02   
    1.25500000e-01     3.45083544e+02     3.49260432e-03     8.75490328e-04     1.87529966e-02   
    1.26000000e-01     3.80922926e+02     4.00333946e-03     9.95128435e-04     1.87483169e-02   
    1.26500000e-01     3.20426920e+02     3.14123095e-03     1.35383609e-03     1.87502492e-02   
    1.27000000e-01     3.65865196e+02     3.78875674e-03     1.73085585e-03     1.87531488e-02   
    1.27500000e-01     3.20007784e+02     3.13525797e-03     1.98595890e-03     1.87570192e-02   
    1.28000000e-01     3.13375913e+02     3.04074938e-03     2.28414413e-03     1.87648525e-02   
    1.28500000e-01     3.86369152e+02     4.08095182e-03     2.41382040e-03     1.87722084e-02   
    1.29000000e-01     3.14378573e+02     3.05503796e-03     2.21842414e-03     1.87727917e-02   
    1.29500000e-01     3.72499426e+02     3.88329896e-03     1.90681332e-03     1.87694685e-02   
    1.30000000e-01     3.45718374e+02     3.50165107e-03     1.25323378e-03     1.87567314e-02   
    1.30500000e-01     3.79608100e+02     3.98460231e-03     6.23474863e-04     1.87444929e-02   
    1.31000000e-01     5.61232043e+02     6.57286491e-03     3.89001983e-04     1.87434602e-02   
    1.31500000e-01     4.97817611e+02     5.66916686e-03     6.18328790e-04     1.87573081e-02   
    1.32000000e-01     2.99790531e+02     2.84714861e-03     9.61092310e-04     1.87737467e-02   
    1.32500000e-01     2.49691426e+02     2.13320287e-03     1.18840150e-03     1.87834437e-02   
    1.33000000e-01     2.45519828e+02     2.07375481e-03     1.08462577e-03     1.87791829e-02   
    1.33500000e-01     2.38370848e+02     1.97187707e-03     7.64796846e-04     1.87660273e-02   
    1.34000000e-01     2.63172553e+02     2.32531795e-03     4.43313719e-04     1.87531409e-02   
    1.34500000e-01     2.79943105e+02     2.56430952e-03     1.43910937e-04     1.87425682e-02   
    1.35000000e-01     2.92971746e+02     2.74997636e-03     1.78448297e-04     1.87453229e-02   
    1.35500000e-01     2.08254989e+02     1.54270596e-03     6.50110347e-04     1.87601763e-02   
    1.36000000e-01     1.36205861e+02     5.15957716e-04     1.01352827e-03     1.87695789e-02   
    1.36500000e-01     1.63943770e+02     9.11241470e-04     1.09271142e-03     1.87708458e-02   
    1.37000000e-01     1.68366900e+02     9.74274021e-04     9.70018090e-04     1.87654614e-02   
    1.37500000e-01     2.00161564e+02     1.42736923e-03     6.65693770e-04     1.87550236e-02   
    1.38000000e-01     1.90082606e+02     1.28373735e-03     4.29678048e-04     1.87464384e-02   
    1.38500000e-01     2.01875383e+02     1.45179230e-03     4.09637419e-04     1.87446016e-02   
    1.39000000e-01     1.74772778e+02     1.06556206e-03     5.09547883e-04     1.87476228e-02   
    1.39500000e-01     1.68173806e+02     9.71522298e-04     7.39824688e-04     1.87560607e-02   
    1.40000000e-01     2.02276886e+02     1.45751399e-03     1.02133987e-03     1.87673337e-02   
    1.40500000e-01     2.01637677e+02     1.44840483e-03     1.00189509e-03     1.87684434e-02   
    1.41000000e-01     1.98682913e+02     1.40629748e-03     1.17819602e-03     1.87762333e-02   
    1.41500000e-01     1.40791614e+02     5.81307770e-04     1.09059647e-03     1.87722699e-02   
    1.42000000e-01     1.68396142e+02     9.74690743e-04     6.96053625e-04     1.87571389e-02   
    1.42500000e-01     1.96653797e+02     1.37738122e-03     4.06405643e-04     1.87482438e-02   
    1.43000000e-01     2.11016724e+02     1.58206252e-03     3.00766472e-04     1.87491566e-02   
    1.43500000e-01     1.94853770e+02     1.35172962e-03     4.91610986e-04     1.87576001e-02   
    1.44000000e-01     1.75080003e+02     1.06994022e-03     9.92994526e-04     1.87750621e-02   
    1.44500000e-01     1.86159416e+02     1.22782927e-03     1.21407644e-03     1.87825258e-02   
    1.45000000e-01     1.93291869e+02     1.32947149e-03     1.22208105e-03     1.87833861e-02   
    1.45500000e-01     1.92286099e+02     1.31513860e-03     1.18531029e-03     1.87836679e-02   
    1.46000000e-01     2.09512931e+02     1.56063247e-03     9.74626237e-04     1.87786351e-02   
    1.46500000e-01     3.55113573e+02     3.63553894e-03     6.78983271e-04     1.87692121e-02   
    1.47000000e-01     3.37053017e+02     3.37816394e-03     6.08618029e-04     1.87655471e-02   
    1.47500000e-01     2.90154716e+02     2.70983180e-03     9.10490053e-04     1.87749797e-02   
    1.48000000e-01     3.27585286e+02     3.24324244e-03     1.22281122e-03     1.87869540e-02   
    1.48500000e-01     3.41819273e+02     3.44608628e-03     1.26935002e-03     1.87912751e-02   
    1.49000000e-01     3.45440758e+02     3.49769485e-03     9.18404306e-04     1.87806701e-02   
    1.49500000e-01     4.16246866e+02     4.50672922e-03     3.91810847e-04     1.87586903e-02   
    1.50000000e-01     3.31722008e+02     3.30219350e-03     2.22503461e-04     1.87517659e-02   
    1.50500000e-01     2.64277443e+02     2.34106336e-03     3.01693763e-04     1.87557186e-02   
    1.51000000e-01     2.71524732e+02     2.44434208e-03     5.85556296e-04     1.87686146e-02   
    1.51500000e-01     2.79996858e+02     2.56507553e-03     6.44843808e-04     1.87702686e-02   
    1.52000000e-01     2.36558846e+02     1.94605483e-03     5.49866148e-04     1.87657609e-02   
    1.52500000e-01     2.75497686e+02     2.50095932e-03     5.36135933e-04     1.87655298e-02   
    1.53000000e-01     2.65294932e+02     2.35556327e-03     2.61633554e-04     1.87550832e-02   
    1.53500000e-01     2.86581566e+02     2.65891203e-03     1.71322739e-04     1.87518217e-02   
    1.54000000e-01     2.65379384e+02     2.35676676e-03     2.03684981e-04     1.87529182e-02   
    1.54500000e-01     2.34083402e+02     1.91077809e-03     2.56670898e-04     1.87553179e-02   
    1.55000000e-01     1.74131344e+02     1.05642120e-03     2.72847088e-04     1.87561140e-02   
    1.55500000e-01     1.87939124e+02     1.25319129e-03     2.27072767e-04     1.87543073e-02   
    1.56000000e-01     2.39679317e+02     1.99052363e-03     1.84594299e-04     1.87523776e-02   
    1.56500000e-01     2.23494465e+02     1.75987867e-03     1.09926367e-04     1.87485638e-02   
    1.57000000e-01     2.54740351e+02     2.20515343e-03     1.11960315e-04     1.87475983e-02   
    1.57500000e-01     2.54705544e+02     2.20465740e-03     3.49694913e-04     1.87548421e-02   
    1.58000000e-01     2.07348103e+02     1.52978221e-03     8.05912403e-04     1.87713378e-02   
    1.58500000e-01     2.10722436e+02     1.57786872e-03     1.34911363e-03     1.87923935e-02   
    1.59000000e-01     1.68465480e+02     9.75678849e-04     1.67520276e-03     1.88049858e-02   
    1.59500000e-01     1.96908688e+02     1.38101358e-03     1.56327147e-03     1.88000707e-02   
    1.60000000e-01     2.96752039e+02     2.80384807e-03     9.94683360e-04     1.87791472e-02   
    1.60500000e-01     4.08324696e+02     4.39383300e-03     3.50686311e-04     1.87612646e-02   
    1.61000000e-01     3.43359480e+02     3.46803524e-03     1.36006020e-04     1.87571380e-02   
    1.61500000e-01     3.28300545e+02     3.25343536e-03     4.15241081e-04     1.87664335e-02   
    1.62000000e-01     3.26550138e+02     3.22849089e-03     1.14798433e-03     1.87902989e-02   
    1.62500000e-01     2.90545288e+02     2.71539772e-03     2.00779734e-03     1.88231842e-02   
    1.63000000e-01     2.90702519e+02     2.71763836e-03     2.71515167e-03     1.88507838e-02   
    1.63500000e-01     3.52090236e+02     3.59245436e-03     2.62272574e-03     1.88478686e-02   
    1.64000000e-01     4.03018451e+02     4.31821546e-03     1.67792176e-03     1.88110294e-02   
    1.64500000e-01     4.61107032e+02     5.14601656e-03     6.69403338e-04     1.87683754e-02   
    1.65000000e-01     5.55392610e+02     6.48964907e-03     2.32624165e-04     1.87472674e-02   
    1.65500000e-01     6.56750187e+02     7.93406230e-03     7.69683879e-04     1.87605410e-02   
    1.66000000e-01     3.56934730e+02     3.66149164e-03     2.06992260e-03     1.88097472e-02   
    1.66500000e-01     1.88146292e+02     1.25614358e-03     3.11956347e-03     1.88461458e-02   
    1.67000000e-01     1.82023827e+02     1.16889437e-03     3.35693817e-03     1.88541943e-02   
    1.67500000e-01     2.31834366e+02     1.87872784e-03     2.61271370e-03     1.88245886e-02   
    1.68000000e-01     2.76215067e+02     2.51118248e-03     1.74023023e-03     1.87921914e-02   
    1.68500000e-01     4.01962506e+02     4.30316754e-03     8.41277817e-04     1.87645092e-02   
    1.69000000e-01     4.00026729e+02     4.27558142e-03     6.31597178e-04     1.87592660e-02   
    1.69500000e-01     3.52880035e+02     3.60370952e-03     1.09003834e-03     1.87759674e-02   
    1.70000000e-01     2.67004160e+02     2.37992091e-03     1.82980755e-03     1.87992173e-02   
    1.70500000e-01     2.57922410e+02     2.25049989e-03     2.54695966e-03     1.88190699e-02   
    1.71000000e-01     2.11148502e+02     1.58394044e-03     2.92786983e-03     1.88297254e-02   
    1.71500000e-01     2.48936197e+02     2.12244035e-03     2.69574548e-03     1.88269727e-02   
    1.72000000e-01     3.40049393e+02     3.42086429e-03     1.79573934e-03     1.88020304e-02   
    1.72500000e-01     3.98672787e+02     4.25628685e-03     7.06601780e-04     1.87677666e-02   
    1.73000000e-01     4.73633315e+02     5.32452448e-03     1.48368012e-04     1.87442256e-02   
    1.73500000e-01     4.20124723e+02     4.56199127e-03     5.60140726e-04     1.87477139e-02   
    1.74000000e-01     3.65853569e+02     3.78859106e-03     2.17174385e-03     1.88058547e-02   
    1.74500000e-01     2.46514120e+02     2.08792414e-03     4.30080473e-03     1.89039357e-02   
    1.75000000e-01     1.83262682e+02     1.18654887e-03     5.21213977e-03     1.89512796e-02   
    1.75500000e-01     2.74621847e+02     2.48847803e-03     4.01442462e-03     1.88881658e-02   
    1.76000000e-01     3.46178559e+02     3.50820902e-03     2.19844144e-03     1.88036655e-02   
    1.76500000e-01     3.52703171e+02     3.60118910e-03     7.63637215e-04     1.87475107e-02   
    1.77000000e-01     3.15013330e+02     3.06408367e-03     1.51897172e-04     1.87285316e-02   
    1.77500000e-01     3.09036485e+02     2.97890963e-03     1.67739911e-04     1.87345430e-02   
    1.78000000e-01     2.78889129e+02     2.54928965e-03     7.00779570e-04     1.87556518e-02   
    1.78500000e-01     2.11403422e+02     1.58757323e-03     1.16111576e-03     1.87690489e-02   
    1.79000000e-01     1.69208199e+02     9.86263089e-04     1.57294726e-03     1.87797763e-02   
    1.79500000e-01     1.55863399e+02     7.96090775e-04     1.94825371e-03     1.87897732e-02   
    1.80000000e-01     1.76406852e+02     1.08884871e-03     1.90346013e-03     1.87891362e-02   
    1.80500000e-01     2.06944313e+02     1.52402794e-03     1.84320403e-03     1.87885664e-02   
    1.81000000e-01     2.41118087e+02     2.01102707e-03     1.29266727e-03     1.87732219e-02   
    1.81500000e-01     3.10438101e+02     2.99888360e-03     8.02220458e-04     1.87590595e-02   
    1.82000000e-01     2.98261636e+02     2.82536084e-03     4.37473770e-04     1.87485733e-02   
    1.82500000e-01     2.16534475e+02     1.66069416e-03     2.12686193e-04     1.87419497e-02   
    1.83000000e-01     2.47093449e+02     2.09617997e-03     1.06605822e-04     1.87387397e-02   
    1.83500000e-01     2.58580814e+02     2.25988260e-03     2.07854489e-04     1.87424404e-02   
    1.84000000e-01     2.67586007e+02     2.38821261e-03     4.60377916e-04     1.87520687e-02   
    1.84500000e-01     2.05238365e+02     1.49971704e-03     1.01782965e-03     1.87728097e-02   
    1.85000000e-01     2.03876864e+02     1.48031474e-03     1.44127084e-03     1.87891194e-02   
    1.85500000e-01     2.52945667e+02     2.17957798e-03     1.45242207e-03     1.87890790e-02   
    1.86000000e-01     3.28572711e+02     3.25731392e-03     7.68034034e-04     1.87617320e-02   
    1.86500000e-01     3.13209030e+02     3.03837119e-03     2.88299973e-04     1.87469797e-02   
    1.87000000e-01     2.85895101e+02     2.64912943e-03     2.46285492e-04     1.87463783e-02   
    1.87500000e-01     3.48331742e+02     3.53889330e-03     3.29710272e-04     1.87482933e-02   
    1.88000000e-01     3.53244815e+02     3.60890789e-03     4.97434676e-04     1.87525048e-02   
    1.88500000e-01     2.76760513e+02     2.51895546e-03     7.23888868e-04     1.87589014e-02   
    1.89000000e-01     2.82305620e+02     2.59797694e-03     9.95121840e-04     1.87666966e-02   
    1.89500000e-01     2.48732115e+02     2.11953205e-03     1.22596957e-03     1.87735921e-02   
    1.90000000e-01     3.33801040e+02     3.33182109e-03     1.11350284e-03     1.87712143e-02   
    1.90500000e-01     3.32047131e+02     3.30682672e-03     8.81850254e-04     1.87655605e-02   
    1.91000000e-01     3.58084122e+02     3.67787124e-03     7.56583558e-04     1.87623640e-02   
    1.91500000e-01     4.23187725e+02     4.60564110e-03     2.93568990e-04     1.87488138e-02   
    1.92000000e-01     4.07448090e+02     4.38134079e-03     8.17948573e-05     1.87400109e-02   
    1.92500000e-01     4.01920910e+02     4.30257478e-03     2.10566096e-04     1.87432819e-02   
    1.93000000e-01     4.52467285e+02     5.02289441e-03     7.30039678e-04     1.87610852e-02   
    1.93500000e-01     4.30900324e+02     4.71555079e-03     1.33570698e-03     1.87865750e-02   
    1.94000000e-01     3.93647872e+02     4.18467845e-03     1.63907374e-03     1.88007922e-02   
    1.94500000e-01     4.78593565e+02     5.39521136e-03     1.24303526e-03     1.87832313e-02   
    1.95000000e-01     4.32745261e+02     4.74184237e-03     8.85728954e-04     1.87681684e-02   
    1.95500000e-01     3.68568472e+02     3.82728023e-03     4.37092590e-04     1.87486895e-02   
    1.96000000e-01     2.76931883e+02     2.52139759e-03     2.31017006e-04     1.87400565e-02   
    1.96500000e-01     3.14439762e+02     3.05590994e-03     1.29134264e-04     1.87360975e-02   
    1.97000000e-01     2.74709234e+02     2.48972336e-03     7.47461292e-05     1.87339724e-02   
    1.97500000e-01     2.51499530e+02     2.15896957e-03     2.24337532e-05     1.87315755e-02   
    1.98000000e-01     2.40273419e+02     1.99898998e-03     1.88662530e-05     1.87309821e-02   
    1.98500000e-01     3.08696443e+02     2.97406380e-03     3.74821675e-05     1.87315574e-02   
    1.99000000e-01     4.37455437e+02     4.80896554e-03     1.08023230e-05     1.87301703e-02   
    1.99500000e-01     3.96728476e+02     4.22857911e-03     1.80368300e-05     1.87300295e-02   
    2.00000000e-01     4.82844755e+02     5.45579365e-03     7.93613194e-05     1.87312574e-02   
    2.00500000e-01     4.69783076e+02     5.26965600e-03     2.84657210e-04     1.87380538e-02   
    2.01000000e-01     5.33448973e+02     6.17693758e-03     3.37526636e-04     1.87389835e-02   
    2.01500000e-01     5.16345480e+02     5.93320138e-03     3.24307713e-04     1.87361763e-02   
    2.02000000e-01     6.18128606e+02     7.38367896e-03     3.77400486e-04     1.87352172e-02   
    2.02500000e-01     6.99103171e+02     8.53762063e-03     4.29378676e-04     1.87352841e-02   
    2.03000000e-01     8.19086169e+02     1.02474585e-02     5.10030008e-04     1.87378186e-02   
    2.03500000e-01     8.64720878e+02     1.08977837e-02     1.07561948e-03     1.87564504e-02   
    2.04000000e-01     6.67932950e+02     8.09342415e-03     1.89302959e-03     1.87796553e-02   
    2.04500000e-01     4.73213835e+02     5.31854661e-03     2.54991722e-03     1.87958397e-02   
    2.05000000e-01     4.79301643e+02     5.40530194e-03     2.87786875e-03     1.88045492e-02   
    2.05500000e-01     4.51951793e+02     5.01554829e-03     2.79320425e-03     1.88050134e-02   
    2.06000000e-01     4.72191388e+02     5.30397605e-03     2.46667737e-03     1.88013088e-02   
    2.06500000e-01     4.97863762e+02     5.66982454e-03     1.64204739e-03     1.87837120e-02   
    2.07000000e-01     4.61397087e+02     5.15015005e-03     7.27958878e-04     1.87487663e-02   
    2.07500000e-01     6.17698167e+02     7.37754492e-03     6.07446961e-04     1.87348650e-02   
    2.08000000e-01     6.33728031e+02     7.60598118e-03     9.75531213e-04     1.87369686e-02   
    2.08500000e-01     4.51812701e+02     5.01356614e-03     2.12655633e-03     1.87820086e-02   
    2.09000000e-01     3.38488879e+02     3.39862593e-03     2.93213306e-03     1.88189618e-02   
    2.09500000e-01     2.59995116e+02     2.28003735e-03     2.81697364e-03     1.88091773e-02   
    2.10000000e-01     2.49069577e+02     2.12434111e-03     1.83466639e-03     1.87646626e-02   
    2.10500000e-01     2.77383390e+02     2.52783187e-03     1.23573720e-03     1.87398116e-02   
    2.11000000e-01     2.74121096e+02     2.48134200e-03     8.57306593e-04     1.87272294e-02   
    2.11500000e-01     2.02977121e+02     1.46749280e-03     6.00964761e-04     1.87201649e-02   
    2.12000000e-01     2.08367972e+02     1.54431604e-03     3.87166643e-04     1.87141298e-02   
    2.12500000e-01     2.43557066e+02     2.04578415e-03     2.55557404e-04     1.87092303e-02   
    2.13000000e-01     3.37361336e+02     3.38255770e-03     5.20796339e-04     1.87153646e-02   
    2.13500000e-01     3.20385896e+02     3.14064632e-03     1.64637157e-03     1.87484117e-02   
    2.14000000e-01     2.69668340e+02     2.41788725e-03     2.65349450e-03     1.87889377e-02   
    2.14500000e-01     2.15817628e+02     1.65047861e-03     2.82970733e-03     1.87986769e-02   
    2.15000000e-01     3.37036707e+02     3.37793151e-03     1.87730520e-03     1.87609001e-02   
    2.15500000e-01     4.07900337e+02     4.38778561e-03     5.69558451e-04     1.87126226e-02   
    2.16000000e-01     4.24885270e+02     4.62983225e-03     1.48925673e-05     1.86924630e-02   
    2.16500000e-01     3.87662287e+02     4.09937987e-03     2.89457025e-04     1.87028592e-02   
    2.17000000e-01     3.57160810e+02     3.66471343e-03     1.34450375e-03     1.87385234e-02   
    2.17500000e-01     2.48358673e+02     2.11421026e-03     2.36201217e-03     1.87703357e-02   
    2.18000000e-01     2.92845498e+02     2.74817724e-03     2.79466160e-03     1.87801844e-02   
    2.18500000e-01     3.14899344e+02     3.06245930e-03     2.38802856e-03     1.87644766e-02   
    2.19000000e-01     4.05783626e+02     4.35762106e-03     1.54918333e-03     1.87383256e-02   
    2.19500000e-01     4.26538339e+02     4.65338958e-03     7.08940655e-04     1.87125740e-02   
    2.20000000e-01     3.91435234e+02     4.15314688e-03     4.64888412e-04     1.87035472e-02   
    2.20500000e-01     3.13803939e+02     3.04684903e-03     8.26949941e-04     1.87114236e-02   
    2.21000000e-01     2.36953895e+02     1.95168454e-03     1.50575829e-03     1.87327022e-02   
    2.21500000e-01     1.85385040e+02     1.21679390e-03     1.71267793e-03     1.87416340e-02   
    2.22000000e-01     2.08827735e+02     1.55086797e-03     1.43132366e-03     1.87339248e-02   
    2.22500000e-01     2.76128040e+02     2.50994229e-03     8.99653375e-04     1.87161310e-02   
    2.23000000e-01     3.67796715e+02     3.81628218e-03     1.59296681e-04     1.86938154e-02   
    2.23500000e-01     4.31483592e+02     4.72386275e-03     8.61570269e-05     1.86929622e-02   
    2.24000000e-01     2.67336122e+02     2.38465159e-03     7.36554252e-04     1.87150718e-02   
    2.24500000e-01     2.49761156e+02     2.13419657e-03     1.67775174e-03     1.87477632e-02   
    2.25000000e-01     1.97499748e+02     1.38943658e-03     2.47046124e-03     1.87778985e-02   
    2.25500000e-01     2.19254955e+02     1.69946282e-03     2.87570529e-03     1.87909605e-02   
    2.26000000e-01     2.12609407e+02     1.60475931e-03     2.56895686e-03     1.87784088e-02   
    2.26500000e-01     2.98491497e+02     2.82863650e-03     1.66964933e-03     1.87420094e-02   
    2.27000000e-01     2.63261841e+02     2.32659037e-03     8.34564936e-04     1.87133853e-02   
    2.27500000e-01     3.26849919e+02     3.23276298e-03     6.09242828e-04     1.87058356e-02   
    2.28000000e-01     3.35034167e+02     3.34939397e-03     6.51712579e-04     1.87068776e-02   
    2.28500000e-01     2.35551854e+02     1.93170452e-03     8.43726995e-04     1.87123177e-02   
    2.29000000e-01     2.63466875e+02     2.32951224e-03     1.04732449e-03     1.87183525e-02   
    2.29500000e-01     2.27091866e+02     1.81114404e-03     1.27565404e-03     1.87267641e-02   
    2.30000000e-01     2.87440635e+02     2.67115434e-03     1.28031460e-03     1.87289542e-02   
    2.30500000e-01     2.83136963e+02     2.60982413e-03     1.19739992e-03     1.87273199e-02   
    2.31000000e-01     3.05640241e+02     2.93051089e-03     1.11567623e-03     1.87226534e-02   
    2.31500000e-01     3.31422072e+02     3.29791921e-03     1.20729573e-03     1.87224951e-02   
    2.32000000e-01     3.00883764e+02     2.86272790e-03     1.36873759e-03     1.87281560e-02   
    2.32500000e-01     2.30655178e+02     1.86192362e-03     1.72721290e-03     1.87431190e-02   
    2.33000000e-01     3.01021595e+02     2.86469210e-03     1.77573541e-03     1.87490943e-02   
    2.33500000e-01     2.99362966e+02     2.84105552e-03     1.38171987e-03     1.87356609e-02   
    2.34000000e-01     2.54857467e+02     2.20682242e-03     1.04723505e-03     1.87238730e-02   
    2.34500000e-01     2.36073962e+02     1.93914491e-03     9.23479246e-04     1.87195920e-02   
    2.35000000e-01     2.84135600e+02     2.62405537e-03     8.13799479e-04     1.87187413e-02   
    2.35500000e-01     3.29316330e+02     3.26791098e-03     1.05005240e-03     1.87296420e-02   
    2.36000000e-01     2.88044894e+02     2.67976543e-03     1.57460197e-03     1.87446722e-02   
    2.36500000e-01     2.30782826e+02     1.86374269e-03     1.73422023e-03     1.87471793e-02   
    2.37000000e-01     2.25939347e+02     1.79471987e-03     1.39033413e-03     1.87336941e-02   
    2.37500000e-01     2.58696737e+02     2.26153458e-03     1.00221264e-03     1.87196654e-02   
    2.38000000e-01     2.78163531e+02     2.53894941e-03     7.42476412e-04     1.87105168e-02   
    2.38500000e-01     2.56462775e+02     2.22969913e-03     8.43055533e-04     1.87157283e-02   
    2.39000000e-01     1.93475309e+02     1.33208563e-03     1.30677250e-03     1.87344125e-02   
    2.39500000e-01     1.88820321e+02     1.26574894e-03     1.62114915e-03     1.87498134e-02   
    2.40000000e-01     2.37161522e+02     1.95464336e-03     1.23397060e-03     1.87349637e-02   
    2.40500000e-01     3.34500757e+02     3.34179253e-03     1.02496055e-03     1.87265115e-02   
    2.41000000e-01     2.89785298e+02     2.70456736e-03     7.51547259e-04     1.87136985e-02   
    2.41500000e-01     3.15657877e+02     3.07326889e-03     5.94119890e-04     1.87059439e-02   
    2.42000000e-01     3.50157037e+02     3.56490498e-03     5.63968302e-04     1.87032112e-02   
    2.42500000e-01     3.43437525e+02     3.46914745e-03     6.97645582e-04     1.87044846e-02   
    2.43000000e-01     3.63951020e+02     3.76147847e-03     9.76787089e-04     1.87102354e-02   
    2.43500000e-01     3.50818167e+02     3.57432653e-03     1.21511951e-03     1.87145663e-02   
    2.44000000e-01     2.69859236e+02     2.42060764e-03     1.42704602e-03     1.87186267e-02   
    2.44500000e-01     3.13858081e+02     3.04762059e-03     1.55367210e-03     1.87195036e-02   
    2.45000000e-01     3.02115987e+02     2.88028791e-03     1.22567027e-03     1.87101096e-02   
    2.45500000e-01     3.13987938e+02     3.04947114e-03     9.14638436e-04     1.87022231e-02   
    2.46000000e-01     3.37173831e+02     3.37988562e-03     6.23200033e-04     1.86949868e-02   
    2.46500000e-01     4.21804516e+02     4.58592944e-03     5.05476847e-04     1.86954519e-02   
    2.47000000e-01     4.15716604e+02     4.49917263e-03     6.45134759e-04     1.87054495e-02   
    2.47500000e-01     4.41960882e+02     4.87317114e-03     9.00645687e-04     1.87187365e-02   
    2.48000000e-01     5.19372061e+02     5.97633218e-03     9.98333631e-04     1.87260928e-02   
    2.48500000e-01     4.20779512e+02     4.57132246e-03     8.15811000e-04     1.87218902e-02   
    2.49000000e-01     4.96711763e+02     5.65340779e-03     6.37748266e-04     1.87158697e-02   
    2.49500000e-01     4.20795327e+02     4.57154782e-03     4.77382943e-04     1.87076424e-02   
    2.50000000e-01     3.07330519e+02     2.95459848e-03     5.98924237e-04     1.87108132e-02   
    2.50500000e-01     2.67717322e+02     2.39008393e-03     9.75309895e-04     1.87208313e-02   
    2.51000000e-01     1.69044332e+02     9.83927877e-04     1.46386480e-03     1.87338836e-02   
    2.51500000e-01     1.34350969e+02     4.89524266e-04     1.66159731e-03     1.87396829e-02   
    2.52000000e-01     2.02861079e+02     1.46583913e-03     1.68958205e-03     1.87412203e-02   
    2.52500000e-01     2.28842792e+02     1.83609590e-03     1.42744567e-03     1.87350450e-02   
    2.53000000e-01     2.79943014e+02     2.56430822e-03     8.29496506e-04     1.87187321e-02   
    2.53500000e-01     2.36052920e+02     1.93884505e-03     3.60134979e-04     1.87046850e-02   
    2.54000000e-01     2.67891626e+02     2.39256790e-03     6.86569730e-05     1.86948398e-02   
    2.54500000e-01     2.53455672e+02     2.18684590e-03     3.45174794e-05     1.86919996e-02   
    2.55000000e-01     2.66685665e+02     2.37538214e-03     1.80010909e-04     1.86960763e-02   
    2.55500000e-01     2.85577341e+02     2.64460115e-03     3.84335894e-04     1.87028655e-02   
    2.56000000e-01     2.57336175e+02     2.24214566e-03     6.06144683e-04     1.87093444e-02   
    2.56500000e-01     2.82366262e+02     2.59884113e-03     5.82444382e-04     1.87064434e-02   
    2.57000000e-01     3.93069351e+02     4.17643414e-03     4.06782554e-04     1.86977099e-02   
    2.57500000e-01     4.15323095e+02     4.49356486e-03     3.34865779e-04     1.86927463e-02   
    2.58000000e-01     4.93365115e+02     5.60571581e-03     4.78975306e-04     1.86930480e-02   
    2.58500000e-01     3.98099071e+02     4.24811101e-03     6.81104959e-04     1.86958107e-02   
    2.59000000e-01     3.49215065e+02     3.55148125e-03     8.83935254e-04     1.86986956e-02   
    2.59500000e-01     4.06643649e+02     4.36987696e-03     9.30397349e-04     1.86980958e-02   
    2.60000000e-01     4.48379231e+02     4.96463689e-03     9.50609227e-04     1.86969171e-02   
    2.60500000e-01     4.70081548e+02     5.27390942e-03     9.53762395e-04     1.86980360e-02   
    2.61000000e-01     4.19341499e+02     4.55082981e-03     1.13713236e-03     1.87051888e-02   
    2.61500000e-01     3.39541295e+02     3.41362356e-03     1.28121349e-03     1.87086272e-02   
    2.62000000e-01     2.89579318e+02     2.70163199e-03     1.17567201e-03     1.87073550e-02   
    2.62500000e-01     3.22816194e+02     3.17527970e-03     1.00994113e-03     1.87042656e-02   
    2.63000000e-01     3.46178980e+02     3.50821502e-03     8.43985279e-04     1.87033578e-02   
    2.63500000e-01     3.73785412e+02     3.90162512e-03     6.40836236e-04     1.87034291e-02   
    2.64000000e-01     4.52116257e+02     5.01789202e-03     4.43993673e-04     1.87028749e-02   
    2.64500000e-01     3.90006273e+02     4.13278323e-03     2.99364573e-04     1.87004141e-02   
    2.65000000e-01     4.70044222e+02     5.27337750e-03     2.14677999e-04     1.86958539e-02   
    2.65500000e-01     3.60083809e+02     3.70636812e-03     2.58028709e-04     1.86928734e-02   
    2.66000000e-01     3.33655336e+02     3.32974471e-03     5.22182831e-04     1.86951646e-02   
    2.66500000e-01     3.32490019e+02     3.31313816e-03     8.21088537e-04     1.86979813e-02   
    2.67000000e-01     3.04042416e+02     2.90774081e-03     1.05452278e-03     1.86984652e-02   
    2.67500000e-01     2.12750516e+02     1.60677022e-03     1.15514130e-03     1.86979397e-02   
    2.68000000e-01     1.91722516e+02     1.30710716e-03     1.29050385e-03     1.87003278e-02   
    2.68500000e-01     1.78862928e+02     1.12384943e-03     1.37722268e-03     1.87032027e-02   
    2.69000000e-01     1.40777972e+02     5.81113360e-04     1.30225817e-03     1.87035281e-02   
    2.69500000e-01     1.50750448e+02     7.23227812e-04     1.04418181e-03     1.87021526e-02   
    2.70000000e-01     2.18949006e+02     1.69510283e-03     7.22105846e-04     1.86970916e-02   
    2.70500000e-01     2.11233461e+02     1.58515117e-03     4.55852777e-04     1.86936153e-02   
    2.71000000e-01     2.68547469e+02     2.40191408e-03     2.48597847e-04     1.86919407e-02   
    2.71500000e-01     2.53239197e+02     2.18376099e-03     1.59698092e-04     1.86929140e-02   
    2.72000000e-01     2.87698989e+02     2.67483604e-03     1.76528790e-04     1.86956910e-02   
    2.72500000e-01     2.06383534e+02     1.51603646e-03     2.93212196e-04     1.86998504e-02   
    2.73000000e-01     2.42569901e+02     2.03171639e-03     2.86057095e-04     1.86970576e-02   
    2.73500000e-01     3.08483745e+02     2.97103272e-03     4.11018028e-04     1.86946737e-02   
    2.74000000e-01     3.30361677e+02     3.28280788e-03     7.15660477e-04     1.86956308e-02   
    2.74500000e-01     3.42627559e+02     3.45760489e-03     1.22322989e-03     1.87006663e-02   
    2.75000000e-01     3.93513973e+02     4.18277030e-03     1.88967616e-03     1.87085605e-02   
    2.75500000e-01     3.74631086e+02     3.91367654e-03     2.88283989e-03     1.87197626e-02   
    2.76000000e-01     3.12303394e+02     3.02546527e-03     4.03132641e-03     1.87337371e-02   
    2.76500000e-01     2.57111863e+02     2.23894906e-03     5.16756697e-03     1.87445607e-02   
    2.77000000e-01     1.82523194e+02     1.17601068e-03     5.83882320e-03     1.87484120e-02   
    2.77500000e-01     1.43437450e+02     6.19012703e-04     6.14351985e-03     1.87468379e-02   
    2.78000000e-01     1.95069092e+02     1.35479811e-03     5.98144783e-03     1.87391087e-02   
    2.78500000e-01     2.40670625e+02     2.00465043e-03     5.71934240e-03     1.87313890e-02   
    2.79000000e-01     2.01136209e+02     1.44125858e-03     5.74671306e-03     1.87337554e-02   
    2.79500000e-01     2.02088942e+02     1.45483565e-03     5.71744890e-03     1.87416117e-02   
    2.80000000e-01     1.86765481e+02     1.23646609e-03     5.47848899e-03     1.87486285e-02   
    2.80500000e-01     2.19566052e+02     1.70389616e-03     5.16669358e-03     1.87539962e-02   
    2.81000000e-01     2.84594360e+02     2.63059301e-03     4.18798751e-03     1.87398191e-02   
    2.81500000e-01     3.12083269e+02     3.02232834e-03     3.10851512e-03     1.87229670e-02   
    2.82000000e-01     3.47845133e+02     3.53195881e-03     1.94168547e-03     1.87015342e-02   
    2.82500000e-01     2.97142364e+02     2.80941046e-03     1.29483300e-03     1.86924795e-02   
    2.83000000e-01     2.41068712e+02     2.01032343e-03     9.57279485e-04     1.86920984e-02   
    2.83500000e-01     2.11233184e+02     1.58514721e-03     1.03728695e-03     1.87024191e-02   
    2.84000000e-01     2.21420995e+02     1.73033034e-03     1.30735034e-03     1.87135605e-02   
    2.84500000e-01     2.21896767e+02     1.73711041e-03     1.41705594e-03     1.87193535e-02   
    2.85000000e-01     2.29390232e+02     1.84389729e-03     1.66155968e-03     1.87279238e-02   
    2.85500000e-01     2.89560692e+02     2.70136656e-03     1.90826758e-03     1.87353618e-02   
    2.86000000e-01     2.68258663e+02     2.39779841e-03     1.88039053e-03     1.87352726e-02   
    2.86500000e-01     3.48324091e+02     3.53878428e-03     1.94755707e-03     1.87367090e-02   
    2.87000000e-01     3.59633966e+02     3.69995756e-03     2.02600731e-03     1.87390775e-02   
    2.87500000e-01     3.63683552e+02     3.75766686e-03     2.26363177e-03     1.87447591e-02   
    2.88000000e-01     3.59116592e+02     3.69258463e-03     2.20453063e-03     1.87387551e-02   
    2.88500000e-01     3.18000619e+02     3.10665453e-03     2.16290157e-03     1.87304929e-02   
    2.89000000e-01     3.20932920e+02     3.14844178e-03     1.87797385e-03     1.87093141e-02   
    2.89500000e-01     3.62922269e+02     3.74681808e-03     1.83730783e-03     1.86925743e-02   
    2.90000000e-01     3.79921887e+02     3.98907399e-03     2.47294095e-03     1.87104456e-02   
    2.90500000e-01     3.17018264e+02     3.09265532e-03     3.60920958e-03     1.87579599e-02   
    2.91000000e-01     3.45763777e+02     3.50229809e-03     5.01537701e-03     1.88239969e-02   
    2.91500000e-01     2.47289218e+02     2.09896980e-03     6.06824581e-03     1.88701636e-02   
    2.92000000e-01     2.90190472e+02     2.71034135e-03     6.02448815e-03     1.88587897e-02   
    2.92500000e-01     2.66178809e+02     2.36815910e-03     5.38529254e-03     1.88280203e-02   
    2.93000000e-01     3.25092676e+02     3.20772109e-03     4.26015551e-03     1.87890945e-02   
    2.93500000e-01     4.48672426e+02     4.96881512e-03     2.70022873e-03     1.87475028e-02   
    2.94000000e-01     6.66273863e+02     8.06978105e-03     1.39663106e-03     1.87204728e-02   
    2.94500000e-01     5.74458356e+02     6.76134870e-03     1.11113340e-03     1.87178991e-02   
    2.95000000e-01     5.22920257e+02     6.02689634e-03     1.51744444e-03     1.87262554e-02   
    2.95500000e-01     4.82851539e+02     5.45589033e-03     2.73470160e-03     1.87604673e-02   
    2.96000000e-01     2.03671134e+02     1.47738296e-03     3.78123104e-03     1.88029142e-02   
    2.96500000e-01     1.87474914e+02     1.24657600e-03     4.36606078e-03     1.88319001e-02   
    2.97000000e-01     1.86611707e+02     1.23427471e-03     4.44726774e-03     1.88402673e-02   
    2.97500000e-01     2.39640281e+02     1.98996733e-03     3.37155140e-03     1.87923098e-02   
    2.98000000e-01     2.93725038e+02     2.76071128e-03     1.87496056e-03     1.87336250e-02   
    2.98500000e-01     4.31091661e+02     4.71827748e-03     6.10792596e-04     1.87003738e-02   
    2.99000000e-01     4.20545106e+02     4.56798201e-03     3.66564022e-04     1.87042927e-02   
    2.99500000e-01     3.70778121e+02     3.85876922e-03     1.05655073e-03     1.87331914e-02   
    3.00000000e-01     2.55988691e+02     2.22294311e-03     2.00617906e-03     1.87613599e-02   
    3.00500000e-01     2.33004396e+02     1.89540155e-03     2.49499064e-03     1.87761097e-02   
    3.01000000e-01     2.55745618e+02     2.21947916e-03     2.49036246e-03     1.87771858e-02   
    3.01500000e-01     3.49698447e+02     3.55836977e-03     2.06014443e-03     1.87651916e-02   
    3.02000000e-01     4.35035759e+02     4.77448351e-03     1.63662132e-03     1.87473377e-02   
    3.02500000e-01     4.00553101e+02     4.28308258e-03     1.32461780e-03     1.87237945e-02   
    3.03000000e-01     3.26739762e+02     3.23119316e-03     1.56521871e-03     1.87190491e-02   
    3.03500000e-01     3.15630419e+02     3.07287760e-03     2.17932171e-03     1.87354857e-02   
    3.04000000e-01     2.51502271e+02     2.15900862e-03     2.86094698e-03     1.87669873e-02   
    3.04500000e-01     1.78203876e+02     1.11445750e-03     3.16757814e-03     1.87848092e-02   
    3.05000000e-01     1.96583301e+02     1.37637660e-03     2.65658583e-03     1.87688207e-02   
    3.05500000e-01     1.82015672e+02     1.16877814e-03     2.40225158e-03     1.87609136e-02   
    3.06000000e-01     2.16673455e+02     1.66267471e-03     1.74802930e-03     1.87350779e-02   
    3.06500000e-01     2.31386491e+02     1.87234532e-03     1.43255430e-03     1.87243601e-02   
    3.07000000e-01     2.71304898e+02     2.44120929e-03     1.37973944e-03     1.87250192e-02   
    3.07500000e-01     2.85869994e+02     2.64877165e-03     1.45935902e-03     1.87312711e-02   
    3.08000000e-01     3.65006477e+02     3.77651943e-03     1.65229731e-03     1.87443094e-02   
    3.08500000e-01     3.18749816e+02     3.11733109e-03     2.21047895e-03     1.87599979e-02   
    3.09000000e-01     2.15862437e+02     1.65111717e-03     2.84487988e-03     1.87740981e-02   
    3.09500000e-01     2.48169659e+02     2.11151667e-03     3.30238281e-03     1.87846907e-02   
    3.10000000e-01     3.07218615e+02     2.95300377e-03     3.54663232e-03     1.87961676e-02   
    3.10500000e-01     3.47141865e+02     3.52193677e-03     3.32951553e-03     1.87983913e-02   
    3.11000000e-01     3.54887032e+02     3.63231057e-03     2.32426294e-03     1.87629864e-02   
    3.11500000e-01     3.41906561e+02     3.44733019e-03     1.46481046e-03     1.87195761e-02   
    3.12000000e-01     3.76211757e+02     3.93620215e-03     1.29378888e-03     1.87022685e-02   
    3.12500000e-01     2.80777038e+02     2.57619362e-03     1.89389441e-03     1.87283396e-02   
    3.13000000e-01     2.55731640e+02     2.21927995e-03     2.39734813e-03     1.87585518e-02   
    3.13500000e-01     2.40952239e+02     2.00866361e-03     2.25439335e-03     1.87571187e-02   
    3.14000000e-01     3.66516487e+02     3.79803808e-03     1.47286841e-03     1.87257965e-02   
    3.14500000e-01     5.12278790e+02     5.87524832e-03     6.03912298e-04     1.87008025e-02   
    3.15000000e-01     4.29734303e+02     4.69893421e-03     4.57385073e-04     1.87072045e-02   
    3.15500000e-01     3.71097193e+02     3.86331620e-03     1.03930446e-03     1.87297493e-02   
    3.16000000e-01     2.73641578e+02     2.47450855e-03     1.78277941e-03     1.87498278e-02   
    3.16500000e-01     2.09135097e+02     1.55524807e-03     1.95254538e-03     1.87512862e-02   
    3.17000000e-01     1.81305452e+02     1.15865703e-03     1.75007405e-03     1.87435236e-02   
    3.17500000e-01     2.68180043e+02     2.39667803e-03     1.26304438e-03     1.87281493e-02   
    3.18000000e-01     3.35144381e+02     3.35096460e-03     7.15625481e-04     1.87080723e-02   
    3.18500000e-01     2.39729821e+02     1.99124335e-03     5.87563748e-04     1.86986708e-02   
    3.19000000e-01     2.61079928e+02     2.29549664e-03     9.37760290e-04     1.87073495e-02   
    3.19500000e-01     2.19865945e+02     1.70816984e-03     1.75743220e-03     1.87348680e-02   
    3.20000000e-01     1.78163409e+02     1.11388082e-03     2.64773285e-03     1.87695928e-02   
    3.20500000e-01     1.30972940e+02     4.41385104e-04     2.99007960e-03     1.87855543e-02   
    3.21000000e-01     1.52341335e+02     7.45899004e-04     2.81934644e-03     1.87799761e-02   
    3.21500000e-01     1.84990172e+02     1.21116675e-03     1.93373686e-03     1.87469909e-02   
    3.22000000e-01     2.52571452e+02     2.17424517e-03     1.02671500e-03     1.87193654e-02   
    3.22500000e-01     2.51496494e+02     2.15892629e-03     5.51115576e-04     1.87056817e-02   
    3.23000000e-01     2.52406818e+02     2.17189903e-03     4.30130841e-04     1.87035322e-02   
    3.23500000e-01     2.36820354e+02     1.94978149e-03     6.56072477e-04     1.87132230e-02   
    3.24000000e-01     1.57508789e+02     8.19538676e-04     9.60601707e-04     1.87242995e-02   
    3.24500000e-01     1.96442905e+02     1.37437586e-03     1.06000117e-03     1.87291294e-02   
    3.25000000e-01     2.10020279e+02     1.56786251e-03     1.08323104e-03     1.87312684e-02   
    3.25500000e-01     2.32793233e+02     1.89239233e-03     8.80297904e-04     1.87262093e-02   
    3.26000000e-01     2.17019856e+02     1.66761116e-03     5.78943814e-04     1.87168377e-02   
    3.26500000e-01     2.29417055e+02     1.84427954e-03     3.38669167e-04     1.87084557e-02   
    3.27000000e-01     2.13585624e+02     1.61867106e-03     2.24638475e-04     1.87035086e-02   
    3.27500000e-01     2.61335497e+02     2.29913866e-03     2.44939981e-04     1.87032865e-02   
    3.28000000e-01     2.61509398e+02     2.30161687e-03     5.21467960e-04     1.87122775e-02   
    3.28500000e-01     3.44873600e+02     3.48961247e-03     7.69039370e-04     1.87227403e-02   
    3.29000000e-01     3.51770967e+02     3.58790457e-03     8.32544243e-04     1.87257350e-02   
    3.29500000e-01     2.84651064e+02     2.63140108e-03     6.31411791e-04     1.87184318e-02   
    3.30000000e-01     2.45058288e+02     2.06717756e-03     4.44238152e-04     1.87113359e-02   
    3.30500000e-01     2.86965263e+02     2.66437996e-03     2.73185365e-04     1.87064362e-02   
    3.31000000e-01     2.68301516e+02     2.39840910e-03     2.44690423e-04     1.87068299e-02   
    3.31500000e-01     2.45804618e+02     2.07781326e-03     3.13123009e-04     1.87106076e-02   
    3.32000000e-01     1.83453502e+02     1.18926818e-03     4.31383818e-04     1.87154698e-02   
    3.32500000e-01     1.67515456e+02     9.62140373e-04     4.73375041e-04     1.87162386e-02   
    3.33000000e-01     1.67202752e+02     9.57684127e-04     5.35812972e-04     1.87173561e-02   
    3.33500000e-01     1.64123053e+02     9.13796362e-04     5.91265798e-04     1.87191280e-02   
    3.34000000e-01     1.80914203e+02     1.15308147e-03     5.85692988e-04     1.87194192e-02   
    3.34500000e-01     2.26834368e+02     1.80747452e-03     3.40690050e-04     1.87105028e-02   
    3.35000000e-01     2.54942427e+02     2.20803315e-03     1.67837789e-04     1.87030226e-02   
    3.35500000e-01     2.04718381e+02     1.49230692e-03     2.42162809e-04     1.87042314e-02   
    3.36000000e-01     2.44795983e+02     2.06343954e-03     2.25954991e-04     1.87037866e-02   
    3.36500000e-01     2.04450330e+02     1.48848701e-03     2.28502508e-04     1.87037917e-02   
    3.37000000e-01     2.22468137e+02     1.74525280e-03     1.78286245e-04     1.87018727e-02   
    3.37500000e-01     2.91344401e+02     2.72678561e-03     1.32570848e-04     1.87003642e-02   
    3.38000000e-01     3.07520983e+02     2.95731272e-03     1.16257263e-04     1.86996381e-02   
    3.38500000e-01     3.56489723e+02     3.65514999e-03     6.27247875e-05     1.86975575e-02   
    3.39000000e-01     4.10653176e+02     4.42701540e-03     1.87638981e-06     1.86949592e-02   
    3.39500000e-01     5.15699381e+02     5.92399403e-03     4.81078009e-05     1.86962368e-02   
    3.40000000e-01     3.84987422e+02     4.06126125e-03     2.74508036e-04     1.87026223e-02   
    3.40500000e-01     2.63752384e+02     2.33358093e-03     7.06458285e-04     1.87150224e-02   
    3.41000000e-01     2.85996134e+02     2.65056923e-03     9.70578005e-04     1.87221933e-02   
    3.41500000e-01     3.23866910e+02     3.19025310e-03     1.04277218e-03     1.87236777e-02   
    3.42000000e-01     2.82454909e+02     2.60010441e-03     9.71710100e-04     1.87214081e-02   
    3.42500000e-01     2.26920832e+02     1.80870669e-03     8.31940913e-04     1.87174487e-02   
    3.43000000e-01     2.50867485e+02     2.14996251e-03     5.06128954e-04     1.87084381e-02   
    3.43500000e-01     2.40423300e+02     2.00112589e-03     2.21906282e-04     1.87000470e-02   
    3.44000000e-01     1.79507621e+02     1.13303674e-03     1.10409323e-04     1.86965896e-02   
    3.44500000e-01     2.12152933e+02     1.59825427e-03     1.05627743e-04     1.86967759e-02   
    3.45000000e-01     2.19225208e+02     1.69903891e-03     2.84264214e-04     1.87034458e-02   
    3.45500000e-01     2.45838248e+02     2.07829251e-03     3.88979545e-04     1.87071281e-02   
    3.46000000e-01     1.68196950e+02     9.71852124e-04     3.86492964e-04     1.87050996e-02   
    3.46500000e-01     2.17387818e+02     1.67285486e-03     4.53263671e-04     1.87063266e-02   
    3.47000000e-01     2.21134441e+02     1.72624675e-03     5.97046103e-04     1.87094316e-02   
    3.47500000e-01     2.20167788e+02     1.71247130e-03     6.43659365e-04     1.87084658e-02   
    3.48000000e-01     2.52219366e+02     2.16922771e-03     9.16404993e-04     1.87145146e-02   
    3.48500000e-01     2.01526371e+02     1.44681864e-03     1.31249940e-03     1.87230078e-02   
    3.49000000e-01     1.30387161e+02     4.33037356e-04     1.63536785e-03     1.87308210e-02   
    3.49500000e-01     1.28588645e+02     4.07407302e-04     1.65863468e-03     1.87286093e-02   
    3.50000000e-01     1.42190317e+02     6.01240216e-04     1.32969114e-03     1.87165070e-02   
    3.50500000e-01     1.83724560e+02     1.19313094e-03     1.03988632e-03     1.87068650e-02   
    3.51000000e-01     2.08640955e+02     1.54820622e-03     8.17235767e-04     1.87009265e-02   
    3.51500000e-01     1.74459780e+02     1.06110164e-03     8.96871986e-04     1.87068103e-02   
    3.52000000e-01     1.46162738e+02     6.57849866e-04     1.12987846e-03     1.87150846e-02   
    3.52500000e-01     1.74438377e+02     1.06079663e-03     1.14674303e-03     1.87194840e-02   
    3.53000000e-01     1.57804727e+02     8.23755991e-04     1.02250027e-03     1.87180205e-02   
    3.53500000e-01     1.85059861e+02     1.21215988e-03     7.23814656e-04     1.87119520e-02   
    3.54000000e-01     2.20804995e+02     1.72155192e-03     4.50194129e-04     1.87065941e-02   
    3.54500000e-01     2.31162360e+02     1.86915130e-03     3.04395691e-04     1.87035711e-02   
    3.55000000e-01     2.04220945e+02     1.48521813e-03     3.35816510e-04     1.87057715e-02   
    3.55500000e-01     2.12815360e+02     1.60769429e-03     4.04370890e-04     1.87104646e-02   
    3.56000000e-01     2.82339090e+02     2.59845390e-03     6.68095968e-04     1.87224409e-02   
    3.56500000e-01     2.33037504e+02     1.89587336e-03     7.93426226e-04     1.87275238e-02   
    3.57000000e-01     2.20409846e+02     1.71592078e-03     5.92710101e-04     1.87181445e-02   
    3.57500000e-01     2.79718005e+02     2.56110170e-03     5.12727951e-04     1.87111002e-02   
    3.58000000e-01     3.68280558e+02     3.82317727e-03     4.06315655e-04     1.87029688e-02   
    3.58500000e-01     2.54641010e+02     2.20373776e-03     6.36137305e-04     1.87068994e-02   
    3.59000000e-01     2.99136649e+02     2.83783035e-03     1.24732455e-03     1.87206720e-02   
    3.59500000e-01     2.42330416e+02     2.02830356e-03     2.08928502e-03     1.87373978e-02   
    3.60000000e-01     1.96249123e+02     1.37161434e-03     2.86906223e-03     1.87513005e-02   
    3.60500000e-01     2.36331727e+02     1.94281824e-03     3.56302973e-03     1.87660667e-02   
    3.61000000e-01     2.08220097e+02     1.54220872e-03     4.33299897e-03     1.87824384e-02   
    3.61500000e-01     2.40969432e+02     2.00890863e-03     4.55579323e-03     1.87861317e-02   
    3.62000000e-01     3.21446879e+02     3.15576604e-03     4.04176888e-03     1.87719155e-02   
    3.62500000e-01     3.67787719e+02     3.81615399e-03     3.16742490e-03     1.87467871e-02   
    3.63000000e-01     4.90879067e+02     5.57028797e-03     2.43147830e-03     1.87215204e-02   
    3.63500000e-01     5.64957365e+02     6.62595323e-03     2.28996002e-03     1.87189915e-02   
    3.64000000e-01     6.29043701e+02     7.53922635e-03     2.47444487e-03     1.87344171e-02   
    3.64500000e-01     6.11073807e+02     7.28314335e-03     2.69828720e-03     1.87571770e-02   
    3.65000000e-01     5.83904328e+02     6.89596012e-03     2.87775555e-03     1.87759536e-02   
    3.65500000e-01     4.86342223e+02     5.50563491e-03     3.09414993e-03     1.87924479e-02   
    3.66000000e-01     5.14704010e+02     5.90980934e-03     3.29857457e-03     1.88099499e-02   
    3.66500000e-01     5.55586181e+02     6.49240759e-03     2.22349253e-03     1.87672553e-02   
    3.67000000e-01     5.07011552e+02     5.80018666e-03     8.48184938e-04     1.87148084e-02   
    3.67500000e-01     6.91120713e+02     8.42386526e-03     1.93289619e-04     1.86948895e-02   
    3.68000000e-01     5.56861472e+02     6.51058135e-03     3.19732047e-04     1.87011012e-02   
    3.68500000e-01     4.66751803e+02     5.22645833e-03     8.60724387e-04     1.87160611e-02   
    3.69000000e-01     3.80467319e+02     3.99684676e-03     1.57156122e-03     1.87345616e-02   
    3.69500000e-01     3.93733976e+02     4.18590549e-03     2.17717086e-03     1.87492614e-02   
    3.70000000e-01     3.11107520e+02     3.00842327e-03     2.17008959e-03     1.87503013e-02   
    3.70500000e-01     4.19231445e+02     4.54926147e-03     1.46424310e-03     1.87336224e-02   
    3.71000000e-01     4.34043414e+02     4.76034193e-03     7.20481987e-04     1.87144856e-02   
    3.71500000e-01     4.84999633e+02     5.48650211e-03     1.62210537e-04     1.86976748e-02   
    3.72000000e-01     5.38543979e+02     6.24954483e-03     9.69027812e-05     1.86953750e-02   
    3.72500000e-01     6.21219051e+02     7.42771986e-03     4.90361961e-04     1.87122147e-02   
    3.73000000e-01     5.57806767e+02     6.52405243e-03     1.12990973e-03     1.87401351e-02   
    3.73500000e-01     5.33989431e+02     6.18463947e-03     1.94752242e-03     1.87771723e-02   
    3.74000000e-01     5.15367226e+02     5.91926060e-03     2.34209457e-03     1.87934103e-02   
    3.74500000e-01     4.72308465e+02     5.30564447e-03     2.36266330e-03     1.87908859e-02   
    3.75000000e-01     4.00851634e+02     4.28733687e-03     1.66961548e-03     1.87600261e-02   
    3.75500000e-01     4.81133580e+02     5.43140827e-03     1.03302280e-03     1.87332855e-02   
    3.76000000e-01     5.91627880e+02     7.00602589e-03     3.62758509e-04     1.87090063e-02   
    3.76500000e-01     5.54309839e+02     6.47421887e-03     2.66756618e-04     1.87058061e-02   
    3.77000000e-01     5.46435832e+02     6.36200901e-03     7.04693763e-04     1.87177691e-02   
    3.77500000e-01     2.93127920e+02     2.75220195e-03     1.33341528e-03     1.87343367e-02   
    3.78000000e-01     2.47344478e+02     2.09975730e-03     1.57910588e-03     1.87402873e-02   
    3.78500000e-01     1.83340608e+02     1.18765937e-03     1.37631842e-03     1.87350207e-02   
    3.79000000e-01     2.70298968e+02     2.42687412e-03     1.16215637e-03     1.87287910e-02   
    3.79500000e-01     3.48418305e+02     3.54012689e-03     7.71766920e-04     1.87162729e-02   
    3.80000000e-01     3.42185425e+02     3.45130418e-03     7.45133625e-04     1.87144594e-02   
    3.80500000e-01     2.90862521e+02     2.71991850e-03     1.00259883e-03     1.87229500e-02   
    3.81000000e-01     2.67646116e+02     2.38906921e-03     1.49932740e-03     1.87405271e-02   
    3.81500000e-01     3.00339172e+02     2.85496711e-03     2.24851104e-03     1.87692182e-02   
    3.82000000e-01     3.61653905e+02     3.72874304e-03     2.82190545e-03     1.87942353e-02   
    3.82500000e-01     3.42223409e+02     3.45184547e-03     2.55053348e-03     1.87841363e-02   
    3.83000000e-01     3.93649192e+02     4.18469726e-03     1.71348979e-03     1.87503152e-02   
    3.83500000e-01     5.36066581e+02     6.21424025e-03     7.68755849e-04     1.87141324e-02   
    3.84000000e-01     5.07117581e+02     5.80169764e-03     9.05329269e-05     1.86934041e-02   
    3.84500000e-01     4.05667282e+02     4.35596307e-03     1.67585209e-04     1.86993207e-02   
    3.85000000e-01     2.71383479e+02     2.44232913e-03     7.33174263e-04     1.87183475e-02   
    3.85500000e-01     2.13330156e+02     1.61503047e-03     1.33209748e-03     1.87355977e-02   
    3.86000000e-01     2.23876003e+02     1.76531584e-03     1.80344275e-03     1.87484981e-02   
    3.86500000e-01     2.54358300e+02     2.19970894e-03     1.97965621e-03     1.87533522e-02   
    3.87000000e-01     2.55433853e+02     2.21503630e-03     2.06522154e-03     1.87548995e-02   
    3.87500000e-01     2.84591464e+02     2.63055174e-03     1.72188676e-03     1.87431248e-02   
    3.88000000e-01     3.45580042e+02     3.49967974e-03     1.38506132e-03     1.87300322e-02   
    3.88500000e-01     2.22130905e+02     1.74044703e-03     1.30710912e-03     1.87291447e-02   
    3.89000000e-01     2.62816882e+02     2.32024939e-03     8.96672916e-04     1.87159554e-02   
    3.89500000e-01     2.97040285e+02     2.80795577e-03     3.70406898e-04     1.86962372e-02   
    3.90000000e-01     4.16575609e+02     4.51141402e-03     2.70858067e-04     1.86911053e-02   
    3.90500000e-01     4.34988674e+02     4.77381252e-03     9.58046173e-04     1.87151782e-02   
    3.91000000e-01     3.98382913e+02     4.25215595e-03     2.18323564e-03     1.87689662e-02   
    3.91500000e-01     2.72679638e+02     2.46080026e-03     3.75737235e-03     1.88414085e-02   
    3.92000000e-01     2.39008936e+02     1.98097025e-03     4.12177365e-03     1.88528043e-02   
    3.92500000e-01     3.53470514e+02     3.61212424e-03     3.37916905e-03     1.88084714e-02   
    3.93000000e-01     5.10413772e+02     5.84867057e-03     2.18988642e-03     1.87493696e-02   
    3.93500000e-01     6.29426744e+02     7.54468497e-03     1.30474171e-03     1.87160942e-02   
    3.94000000e-01     6.52474253e+02     7.87312737e-03     1.09107927e-03     1.87185814e-02   
    3.94500000e-01     4.82488766e+02     5.45072057e-03     1.87526276e-03     1.87505807e-02   
    3.95000000e-01     3.36882553e+02     3.37573471e-03     3.09887519e-03     1.87829981e-02   
    3.95500000e-01     3.04959021e+02     2.92080304e-03     4.32042685e-03     1.88104285e-02   
    3.96000000e-01     2.96611288e+02     2.80184226e-03     4.67860428e-03     1.88193149e-02   
    3.96500000e-01     5.19877892e+02     5.98354060e-03     3.88631706e-03     1.88062310e-02   
    3.97000000e-01     5.12894753e+02     5.88402621e-03     3.09053156e-03     1.87948457e-02   
    3.97500000e-01     3.68915860e+02     3.83223074e-03     2.08675424e-03     1.87712928e-02   
    3.98000000e-01     4.15320927e+02     4.49353397e-03     1.40540064e-03     1.87463699e-02   
    3.98500000e-01     4.51354491e+02     5.00703635e-03     1.25119075e-03     1.87318371e-02   
    3.99000000e-01     3.67636799e+02     3.81400328e-03     1.50087689e-03     1.87392681e-02   
    3.99500000e-01     3.01746439e+02     2.87502161e-03     1.68155140e-03     1.87528637e-02   
    4.00000000e-01     2.85900984e+02     2.64921328e-03     1.54535810e-03     1.87535728e-02   
    4.00500000e-01     2.56101379e+02     2.22454898e-03     1.55024231e-03     1.87560055e-02   
    4.01000000e-01     3.28083293e+02     3.25033937e-03     1.83699419e-03     1.87616844e-02   
    4.01500000e-01     3.22672798e+02     3.17323620e-03     2.08014806e-03     1.87678911e-02   
    4.02000000e-01     3.11750970e+02     3.01759285e-03     2.84115694e-03     1.87909907e-02   
    4.02500000e-01     2.56876270e+02     2.23559170e-03     3.74640580e-03     1.88179539e-02   
    4.03000000e-01     2.71953883e+02     2.45045777e-03     4.06256439e-03     1.88292013e-02   
    4.03500000e-01     2.31332185e+02     1.87157142e-03     3.86970654e-03     1.88243932e-02   
    4.04000000e-01     3.88590109e+02     4.11260195e-03     3.44514183e-03     1.88081879e-02   
    4.04500000e-01     3.67645316e+02     3.81412465e-03     2.42040118e-03     1.87660342e-02   
    4.05000000e-01     4.46684789e+02     4.94048997e-03     2.00354192e-03     1.87524738e-02   
    4.05500000e-01     4.44213594e+02     4.90527378e-03     1.77476086e-03     1.87483356e-02   
    4.06000000e-01     3.51534721e+02     3.58453790e-03     2.26271916e-03     1.87661639e-02   
    4.06500000e-01     2.35954066e+02     1.93743632e-03     2.33598262e-03     1.87609066e-02   
    4.07000000e-01     2.98715301e+02     2.83182586e-03     1.72943864e-03     1.87318843e-02   
    4.07500000e-01     3.77933571e+02     3.96073915e-03     1.11609792e-03     1.87154962e-02   
    4.08000000e-01     3.29131476e+02     3.26527668e-03     1.02448290e-03     1.87193896e-02   
    4.08500000e-01     2.65780614e+02     2.36248455e-03     1.14839490e-03     1.87245556e-02   
    4.09000000e-01     2.93831828e+02     2.76223311e-03     1.56689042e-03     1.87354821e-02   
    4.09500000e-01     2.73839569e+02     2.47733006e-03     1.85051556e-03     1.87398661e-02   
    4.10000000e-01     3.31914143e+02     3.30493155e-03     1.40444362e-03     1.87251959e-02   
    4.10500000e-01     2.30813948e+02     1.86418619e-03     9.69450026e-04     1.87121404e-02   
    4.11000000e-01     2.48409503e+02     2.11493462e-03     5.14593445e-04     1.86976831e-02   
    4.11500000e-01     2.58370736e+02     2.25688884e-03     3.40460899e-04     1.86918281e-02   
    4.12000000e-01     3.31308251e+02     3.29629719e-03     3.47488202e-04     1.86909521e-02   
    4.12500000e-01     2.31660443e+02     1.87624932e-03     5.86331036e-04     1.86976314e-02   
    4.13000000e-01     2.63241289e+02     2.32629748e-03     8.98926829e-04     1.87074482e-02   
    4.13500000e-01     2.64270992e+02     2.34097144e-03     1.40106338e-03     1.87255114e-02   
    4.14000000e-01     2.48111806e+02     2.11069223e-03     1.69174983e-03     1.87395693e-02   
    4.14500000e-01     2.56616244e+02     2.23188615e-03     1.35892629e-03     1.87284810e-02   
    4.15000000e-01     3.20964657e+02     3.14889405e-03     1.21934779e-03     1.87226955e-02   
    4.15500000e-01     3.92548692e+02     4.16901440e-03     9.48447569e-04     1.87085039e-02   
    4.16000000e-01     5.34442711e+02     6.19109901e-03     6.07847891e-04     1.86928682e-02   
    4.16500000e-01     5.02015275e+02     5.72898637e-03     8.12174092e-04     1.86981650e-02   
    4.17000000e-01     4.53523380e+02     5.03794445e-03     1.26875239e-03     1.87092737e-02   
    4.17500000e-01     3.58637796e+02     3.68576146e-03     1.74198939e-03     1.87192695e-02   
    4.18000000e-01     4.55135265e+02     5.06091490e-03     1.98262732e-03     1.87220741e-02   
    4.18500000e-01     3.95869362e+02     4.21633617e-03     1.98667236e-03     1.87189112e-02   
    4.19000000e-01     3.41586617e+02     3.44277077e-03     1.81463866e-03     1.87113010e-02   
    4.19500000e-01     3.44829866e+02     3.48898924e-03     1.39908970e-03     1.87003170e-02   
    4.20000000e-01     4.86958839e+02     5.51442210e-03     9.53201433e-04     1.86906225e-02   
    4.20500000e-01     5.09248280e+02     5.83206153e-03     7.26825439e-04     1.86880175e-02   
    4.21000000e-01     4.30065602e+02     4.70365545e-03     6.03652154e-04     1.86892134e-02   
    4.21500000e-01     3.96943674e+02     4.23164583e-03     4.64822867e-04     1.86900981e-02   
    4.22000000e-01     2.73572874e+02     2.47352947e-03     4.08304259e-04     1.86921086e-02   
    4.22500000e-01     2.85341685e+02     2.64124290e-03     4.00896984e-04     1.86940837e-02   
    4.23000000e-01     2.56486678e+02     2.23003975e-03     4.60385810e-04     1.86962843e-02   
    4.23500000e-01     3.36848549e+02     3.37525013e-03     6.35961474e-04     1.87007985e-02   
    4.24000000e-01     3.15739394e+02     3.07443057e-03     8.45874162e-04     1.87033660e-02   
    4.24500000e-01     3.22671579e+02     3.17321883e-03     8.29454998e-04     1.86942372e-02   
    4.25000000e-01     3.14958251e+02     3.06329875e-03     1.03284377e-03     1.86902591e-02   
    4.25500000e-01     3.02216116e+02     2.88171482e-03     1.26859019e-03     1.86896860e-02   
    4.26000000e-01     2.86030224e+02     2.65105504e-03     1.65685642e-03     1.86958840e-02   
    4.26500000e-01     1.86814435e+02     1.23716373e-03     2.25284698e-03     1.87104729e-02   
    4.27000000e-01     1.89927759e+02     1.28153067e-03     2.92368325e-03     1.87292258e-02   
    4.27500000e-01     1.43047453e+02     6.13454985e-04     3.52834928e-03     1.87465374e-02   
    4.28000000e-01     1.78088866e+02     1.11281854e-03     3.92005593e-03     1.87628986e-02   
    4.28500000e-01     1.96447450e+02     1.37444063e-03     3.60160726e-03     1.87620714e-02   
    4.29000000e-01     1.90151165e+02     1.28471436e-03     2.88909766e-03     1.87429663e-02   
    4.29500000e-01     2.14140255e+02     1.62657493e-03     2.19091547e-03     1.87238969e-02   
    4.30000000e-01     2.56625869e+02     2.23202333e-03     1.68104557e-03     1.87112745e-02   
    4.30500000e-01     2.90778685e+02     2.71872378e-03     1.19642667e-03     1.87006191e-02   
    4.31000000e-01     2.85775519e+02     2.64742531e-03     8.40831393e-04     1.86973649e-02   
    4.31500000e-01     3.43666823e+02     3.47241510e-03     7.40349448e-04     1.87017407e-02   
    4.32000000e-01     4.40653485e+02     4.85453985e-03     1.08948707e-03     1.87172898e-02   
    4.32500000e-01     3.37122894e+02     3.37915973e-03     2.00372479e-03     1.87468194e-02   
    4.33000000e-01     2.41651532e+02     2.01862901e-03     2.88711761e-03     1.87691383e-02   
    4.33500000e-01     2.28559518e+02     1.83205905e-03     2.85574847e-03     1.87684985e-02   
    4.34000000e-01     3.17747745e+02     3.10305091e-03     2.38887190e-03     1.87562754e-02   
    4.34500000e-01     3.92385708e+02     4.16669177e-03     1.68020216e-03     1.87338963e-02   
    4.35000000e-01     4.36327768e+02     4.79289549e-03     9.40449007e-04     1.87037448e-02   
    4.35500000e-01     4.12775350e+02     4.45725780e-03     8.25877525e-04     1.86816499e-02   
    4.36000000e-01     2.84214496e+02     2.62517969e-03     1.51231943e-03     1.86948876e-02   
    4.36500000e-01     2.24872404e+02     1.77951522e-03     2.40694241e-03     1.87301984e-02   
    4.37000000e-01     1.88662376e+02     1.26349812e-03     2.73166858e-03     1.87456018e-02   
    4.37500000e-01     2.10094192e+02     1.56891582e-03     2.26693138e-03     1.87260593e-02   
    4.38000000e-01     2.30271922e+02     1.85646196e-03     1.52492131e-03     1.86963710e-02   
    4.38500000e-01     2.44922744e+02     2.06524597e-03     8.67188637e-04     1.86747822e-02   
    4.39000000e-01     2.44582215e+02     2.06039320e-03     5.31413792e-04     1.86688737e-02   
    4.39500000e-01     1.73519266e+02     1.04769868e-03     5.29762762e-04     1.86742179e-02   
    4.40000000e-01     1.92506432e+02     1.31827849e-03     7.31952314e-04     1.86824876e-02   
    4.40500000e-01     1.90101540e+02     1.28400716e-03     6.57042223e-04     1.86823350e-02   
    4.41000000e-01     2.29675804e+02     1.84796688e-03     4.83027766e-04     1.86789490e-02   
    4.41500000e-01     2.22423641e+02     1.74461871e-03     2.38899820e-04     1.86729347e-02   
    4.42000000e-01     2.40874480e+02     2.00755551e-03     1.21624111e-04     1.86704109e-02   
    4.42500000e-01     2.04719250e+02     1.49231931e-03     3.11041797e-05     1.86677465e-02   
    4.43000000e-01     2.65079876e+02     2.35249857e-03     1.56700549e-04     1.86708721e-02   
    4.43500000e-01     3.06011584e+02     2.93580277e-03     8.70260369e-04     1.86932877e-02   
    4.44000000e-01     2.21691406e+02     1.73418388e-03     2.08353111e-03     1.87410584e-02   
    4.44500000e-01     2.61892091e+02     2.30707051e-03     2.89233508e-03     1.87770740e-02   
    4.45000000e-01     2.15183716e+02     1.64144494e-03     3.29779314e-03     1.87954690e-02   
    4.45500000e-01     3.10210308e+02     2.99563740e-03     2.58604333e-03     1.87616319e-02   
    4.46000000e-01     3.59524796e+02     3.69840180e-03     1.50938395e-03     1.87154105e-02   
    4.46500000e-01     4.93797413e+02     5.61187635e-03     4.27226777e-04     1.86769163e-02   
    4.47000000e-01     5.19203280e+02     5.97392694e-03     5.37224708e-05     1.86680595e-02   
    4.47500000e-01     3.96776188e+02     4.22925904e-03     5.58356007e-04     1.86933194e-02   
    4.48000000e-01     2.34418090e+02     1.91554763e-03     1.52751454e-03     1.87235441e-02   
    4.48500000e-01     1.68277601e+02     9.73001447e-04     2.56471302e-03     1.87515510e-02   
    4.49000000e-01     1.31934972e+02     4.55094696e-04     2.81448922e-03     1.87578501e-02   
    4.49500000e-01     1.78867345e+02     1.12391238e-03     2.48337650e-03     1.87505941e-02   
    4.50000000e-01     2.28673303e+02     1.83368057e-03     1.52111625e-03     1.87250210e-02   
    4.50500000e-01     2.78816383e+02     2.54825298e-03     6.63349205e-04     1.86981775e-02   
    4.51000000e-01     2.64734891e+02     2.34758230e-03     1.21986334e-04     1.86786638e-02   
    4.51500000e-01     3.11536878e+02     3.01454191e-03     7.91009694e-05     1.86723944e-02   
    4.52000000e-01     2.27146007e+02     1.81191558e-03     7.82693507e-04     1.86924451e-02   
    4.52500000e-01     1.43485536e+02     6.19697957e-04     1.55389449e-03     1.87225112e-02   
    4.53000000e-01     1.36238935e+02     5.16429046e-04     1.74012160e-03     1.87296358e-02   
    4.53500000e-01     1.44373214e+02     6.32347952e-04     1.60529417e-03     1.87229867e-02   
    4.54000000e-01     1.83478657e+02     1.18962667e-03     1.11730662e-03     1.87037631e-02   
    4.54500000e-01     2.10126701e+02     1.56937910e-03     5.74494969e-04     1.86852863e-02   
    4.55000000e-01     2.29305933e+02     1.84269597e-03     3.10570013e-04     1.86769173e-02   
    4.55500000e-01     2.61689582e+02     2.30418462e-03     2.16940986e-04     1.86743664e-02   
    4.56000000e-01     2.55972283e+02     2.22270929e-03     3.35161252e-04     1.86805699e-02   
    4.56500000e-01     1.71408723e+02     1.01762204e-03     7.43435039e-04     1.86944873e-02   
    4.57000000e-01     1.65260699e+02     9.30008585e-04     1.20994726e-03     1.87088656e-02   
    4.57500000e-01     1.64240424e+02     9.15468987e-04     1.45249998e-03     1.87157886e-02   
    4.58000000e-01     1.67075469e+02     9.55870273e-04     1.42497765e-03     1.87146703e-02   
    4.58500000e-01     1.97027944e+02     1.38271306e-03     1.15659222e-03     1.87067492e-02   
    4.59000000e-01     2.73510854e+02     2.47264565e-03     9.59546489e-04     1.87011727e-02   
    4.59500000e-01     3.14706706e+02     3.05971408e-03     8.17230786e-04     1.86977566e-02   
    4.60000000e-01     2.75255411e+02     2.49750675e-03     6.29622012e-04     1.86923271e-02   
    4.60500000e-01     2.47011003e+02     2.09500505e-03     4.60182389e-04     1.86848710e-02   
    4.61000000e-01     2.30830047e+02     1.86441561e-03     4.12748426e-04     1.86799180e-02   
    4.61500000e-01     2.17369319e+02     1.67259124e-03     5.01332953e-04     1.86790227e-02   
    4.62000000e-01     2.36499864e+02     1.94521430e-03     5.13095335e-04     1.86749719e-02   
    4.62500000e-01     1.81952655e+02     1.16788011e-03     5.27266754e-04     1.86748875e-02   
    4.63000000e-01     2.00108879e+02     1.42661844e-03     5.33932879e-04     1.86763687e-02   
    4.63500000e-01     1.99956058e+02     1.42444064e-03     5.86351472e-04     1.86795367e-02   
    4.64000000e-01     2.17799441e+02     1.67872078e-03     6.11061790e-04     1.86815507e-02   
    4.64500000e-01     2.44834895e+02     2.06399407e-03     4.23901291e-04     1.86769518e-02   
    4.65000000e-01     2.30177787e+02     1.85512048e-03     2.89275588e-04     1.86747215e-02   
    4.65500000e-01     2.32939527e+02     1.89447712e-03     1.66665221e-04     1.86717268e-02   
    4.66000000e-01     2.39274317e+02     1.98475211e-03     1.02444723e-04     1.86706291e-02   
    4.66500000e-01     4.06029153e+02     4.36111999e-03     7.13195092e-05     1.86702599e-02   
    4.67000000e-01     4.16904253e+02     4.51609742e-03     1.46606913e-04     1.86731877e-02   
    4.67500000e-01     3.71417884e+02     3.86788626e-03     3.72736408e-04     1.86797090e-02   
    4.68000000e-01     3.53828584e+02     3.61722698e-03     5.96271674e-04     1.86853565e-02   
    4.68500000e-01     3.01671254e+02     2.87395017e-03     5.40179984e-04     1.86836961e-02   
    4.69000000e-01     3.22100639e+02     3.16508255e-03     3.36146472e-04     1.86780654e-02   
    4.69500000e-01     3.22554575e+02     3.17155145e-03     1.58526730e-04     1.86729183e-02   
    4.70000000e-01     3.02518284e+02     2.88602091e-03     9.73931079e-05     1.86697128e-02   
    4.70500000e-01     3.74767918e+02     3.91562649e-03     2.30615796e-04     1.86734414e-02   
    4.71000000e-01     3.43531911e+02     3.47049251e-03     4.30851190e-04     1.86803212e-02   
    4.71500000e-01     2.40534630e+02     2.00271241e-03     4.48456325e-04     1.86802816e-02   
    4.72000000e-01     2.97344330e+02     2.81228860e-03     2.05370959e-04     1.86707934e-02   
    4.72500000e-01     3.73710774e+02     3.90056148e-03     3.86947303e-05     1.86651723e-02   
    4.73000000e-01     4.27066094e+02     4.66091046e-03     8.42913739e-05     1.86668710e-02   
    4.73500000e-01     3.50251843e+02     3.56625603e-03     2.95200833e-04     1.86725889e-02   
    4.74000000e-01     3.51892740e+02     3.58963990e-03     4.72001627e-04     1.86762977e-02   
    4.74500000e-01     3.54657916e+02     3.62904551e-03     6.00112502e-04     1.86786053e-02   
    4.75000000e-01     3.37532277e+02     3.38499371e-03     6.74570092e-04     1.86796642e-02   
    4.75500000e-01     3.09593039e+02     2.98684090e-03     7.58767446e-04     1.86802899e-02   
    4.76000000e-01     2.57978120e+02     2.25129381e-03     7.56191832e-04     1.86792605e-02   
    4.76500000e-01     2.84626492e+02     2.63105092e-03     8.35511740e-04     1.86793228e-02   
    4.77000000e-01     2.31806924e+02     1.87833677e-03     7.17484817e-04     1.86746828e-02   
    4.77500000e-01     2.53318690e+02     2.18489382e-03     6.36203948e-04     1.86703992e-02   
    4.78000000e-01     2.39979804e+02     1.99480576e-03     6.62831870e-04     1.86684622e-02   
    4.78500000e-01     2.32009653e+02     1.88122579e-03     8.24196314e-04     1.86741589e-02   
    4.79000000e-01     2.41698699e+02     2.01930117e-03     1.27188655e-03     1.86902059e-02   
    4.79500000e-01     2.34161321e+02     1.91188850e-03     1.47232281e-03     1.86997370e-02   
    4.80000000e-01     2.53170885e+02     2.18278749e-03     1.12021847e-03     1.86890616e-02   
    4.80500000e-01     2.51159291e+02     2.15412093e-03     8.97790663e-04     1.86866047e-02   
    4.81000000e-01     4.00079023e+02     4.27632665e-03     8.11478012e-04     1.86895957e-02   
    4.81500000e-01     3.98998301e+02     4.26092563e-03     1.00279125e-03     1.87013718e-02   
    4.82000000e-01     2.95465065e+02     2.78550783e-03     1.59409964e-03     1.87195585e-02   
    4.82500000e-01     2.91723247e+02     2.73218442e-03     1.91915679e-03     1.87259385e-02   
    4.83000000e-01     2.69393681e+02     2.41397318e-03     2.25871561e-03     1.87325392e-02   
    4.83500000e-01     3.13658347e+02     3.04477425e-03     2.22975023e-03     1.87296537e-02   
    4.84000000e-01     2.85259571e+02     2.64007272e-03     1.62426349e-03     1.87096217e-02   
    4.84500000e-01     2.69248728e+02     2.41190750e-03     1.17426332e-03     1.86926187e-02   
    4.85000000e-01     3.21299632e+02     3.15366767e-03     8.12078017e-04     1.86760758e-02   
    4.85500000e-01     3.46770802e+02     3.51664888e-03     7.96589343e-04     1.86675276e-02   
    4.86000000e-01     3.72575490e+02     3.88438293e-03     1.37827660e-03     1.86823517e-02   
    4.86500000e-01     2.93247019e+02     2.75389919e-03     2.32609763e-03     1.87139515e-02   
    4.87000000e-01     2.29339744e+02     1.84317780e-03     3.01703044e-03     1.87370680e-02   
    4.87500000e-01     2.33199757e+02     1.89818557e-03     3.33919021e-03     1.87448304e-02   
    4.88000000e-01     3.46175271e+02     3.50816215e-03     2.96012958e-03     1.87197287e-02   
    4.88500000e-01     4.02000893e+02     4.30371458e-03     2.31050938e-03     1.86912414e-02   
    4.89000000e-01     2.74988183e+02     2.49369857e-03     1.96619282e-03     1.86776399e-02   
    4.89500000e-01     2.69029116e+02     2.40877789e-03     1.90529741e-03     1.86742484e-02   
    4.90000000e-01     2.43563345e+02     2.04587362e-03     1.74937813e-03     1.86741724e-02   
    4.90500000e-01     2.61394673e+02     2.29998197e-03     1.57977087e-03     1.86757452e-02   
    4.91000000e-01     2.83838722e+02     2.61982466e-03     1.42125398e-03     1.86775609e-02   
    4.91500000e-01     2.25688586e+02     1.79114635e-03     1.43746553e-03     1.86845414e-02   
    4.92000000e-01     2.50689727e+02     2.14742933e-03     1.49721937e-03     1.86911266e-02   
    4.92500000e-01     2.78729694e+02     2.54701760e-03     1.55924628e-03     1.86975550e-02   
    4.93000000e-01     3.44897977e+02     3.48995986e-03     1.56785265e-03     1.87018902e-02   
    4.93500000e-01     3.44067219e+02     3.47812100e-03     1.50883398e-03     1.87017460e-02   
    4.94000000e-01     3.68507761e+02     3.82641507e-03     1.39515121e-03     1.86983374e-02   
    4.94500000e-01     3.39655483e+02     3.41525081e-03     1.24923280e-03     1.86917291e-02   
    4.95000000e-01     2.93357844e+02     2.75547851e-03     9.42154460e-04     1.86795089e-02   
    4.95500000e-01     2.66989005e+02     2.37970493e-03     7.86967329e-04     1.86713538e-02   
    4.96000000e-01     1.83543593e+02     1.19055205e-03     7.36923074e-04     1.86652382e-02   
    4.96500000e-01     1.58605081e+02     8.35161569e-04     7.17481350e-04     1.86621755e-02   
    4.97000000e-01     1.32432149e+02     4.62179797e-04     8.23635103e-04     1.86624726e-02   
    4.97500000e-01     1.30447984e+02     4.33904121e-04     9.12943858e-04     1.86633278e-02   
    4.98000000e-01     1.62211240e+02     8.86551750e-04     1.03688415e-03     1.86644557e-02   
    4.98500000e-01     1.61424068e+02     8.75334027e-04     1.25064320e-03     1.86658694e-02   
    4.99000000e-01     1.26692861e+02     3.80391117e-04     1.40796786e-03     1.86675205e-02   
    4.99500000e-01     1.13825466e+02     1.97022138e-04     1.48811296e-03     1.86703208e-02   
    5.00000000e-01     1.29685483e+02     4.23037973e-04     1.35037711e-03     1.86692701e-02   
